In clock cycle: 0
Register Write to Reg: 0x01 Val: 0xFFFFFFFF
In clock cycle: 1
Register Write to Reg: 0x02 Val: 0x00000001
In clock cycle: 2
Register Write to Reg: 0x03 Val: 0xFFFFFFFE
Arithmetic Overflow Detected
In clock cycle: 3
Register Write to Reg: 0x03 Val: 0x00000002
In clock cycle: 4
Register Write to Reg: 0x01 Val: 0xFFFFFFFF
In clock cycle: 5
Register Write to Reg: 0x02 Val: 0x0000002B
In clock cycle: 6
Register Write to Reg: 0x03 Val: 0xFFFFFFD4
Arithmetic Overflow Detected
In clock cycle: 7
Register Write to Reg: 0x03 Val: 0x0000002C
In clock cycle: 8
Register Write to Reg: 0x01 Val: 0x00000000
In clock cycle: 9
Register Write to Reg: 0x02 Val: 0xFFFFFFFF
In clock cycle: 10
Register Write to Reg: 0x03 Val: 0x00000001
In clock cycle: 11
Register Write to Reg: 0x03 Val: 0xFFFFFFFF
Arithmetic Overflow Detected
In clock cycle: 12
Register Write to Reg: 0x01 Val: 0x00000000
In clock cycle: 13
Register Write to Reg: 0x01 Val: 0xFFFFEFFF
In clock cycle: 14
Register Write to Reg: 0x01 Val: 0x00000000
In clock cycle: 15
Register Write to Reg: 0x01 Val: 0xFFFF0001
In clock cycle: 16
Register Write to Reg: 0x01 Val: 0xFFFE0002
Arithmetic Overflow Detected
In clock cycle: 17
Register Write to Reg: 0x02 Val: 0x00000000
In clock cycle: 18
Register Write to Reg: 0x02 Val: 0xFFFF8000
In clock cycle: 19
Register Write to Reg: 0x03 Val: 0xFFFE8002
In clock cycle: 20
Register Write to Reg: 0x03 Val: 0x00017FFE
Arithmetic Overflow Detected
Execution is stopping! Clock Cycle: 21
