In clock cycle: 0
Register Write to Reg: 0x01 Val: 0x00001001
In clock cycle: 1
Register Write to Reg: 0x01 Val: 0x00001001
Arithmetic Overflow Detected
In clock cycle: 2
Register Write to Reg: 0x19 Val: 0x00001001
In clock cycle: 3
Register Write to Reg: 0x01 Val: 0x0000391A
In clock cycle: 4
Register Write to Reg: 0x01 Val: 0xFFFF3C3B
In clock cycle: 5
Register Write to Reg: 0x08 Val: 0xFFFF3C3B
In clock cycle: 6
Register Write to Reg: 0x01 Val: 0x00000001
In clock cycle: 7
Register Write to Reg: 0x01 Val: 0x00001002
In clock cycle: 8
Memory Write to Addr: 0x00001002 Val: 0xFFFF3C3B
Execution is stopping! Clock Cycle: 9
