In clock cycle: 0
Register Write to Reg: 0x08 Val: 0x00007FFF
In clock cycle: 1
Register Write to Reg: 0x08 Val: 0xFFFF8000
In clock cycle: 2
Register Write to Reg: 0x08 Val: 0x00000000
In clock cycle: 3
Register Write to Reg: 0x08 Val: 0xFFFFFFFF
In clock cycle: 4
Register Write to Reg: 0x09 Val: 0x00000000
Arithmetic Overflow Detected
In clock cycle: 5
Register Write to Reg: 0x0A Val: 0xFFFFFFFF
Arithmetic Overflow Detected
In clock cycle: 6
Register Write to Reg: 0x0B Val: 0x00000000
Arithmetic Overflow Detected
In clock cycle: 7
Register Write to Reg: 0x00 Val: 0x00000000
Arithmetic Overflow Detected
Execution is stopping! Clock Cycle: 8
