In clock cycle: 0
Register Write to Reg: 0x08 Val: 0x00000004
In clock cycle: 1
Register Write to Reg: 0x08 Val: 0x00000000
Arithmetic Overflow Detected
In clock cycle: 2
Register Write to Reg: 0x08 Val: 0x00000004
In clock cycle: 3
Register Write to Reg: 0x09 Val: 0x00000005
In clock cycle: 4
Register Write to Reg: 0x0A Val: 0x00000001
Arithmetic Overflow Detected
In clock cycle: 5
Register Write to Reg: 0x08 Val: 0x00000000
Arithmetic Overflow Detected
In clock cycle: 6
Register Write to Reg: 0x09 Val: 0x00000000
Arithmetic Overflow Detected
In clock cycle: 7
Register Write to Reg: 0x08 Val: 0x00000000
Arithmetic Overflow Detected
In clock cycle: 8
Register Write to Reg: 0x08 Val: 0x00000001
Arithmetic Overflow Detected
In clock cycle: 9
Register Write to Reg: 0x08 Val: 0x00000004
In clock cycle: 10
Register Write to Reg: 0x09 Val: 0x00000001
In clock cycle: 11
Register Write to Reg: 0x08 Val: 0x00000003
Arithmetic Overflow Detected
In clock cycle: 12
Register Write to Reg: 0x08 Val: 0x00000000
Arithmetic Overflow Detected
In clock cycle: 13
Register Write to Reg: 0x08 Val: 0x00000004
In clock cycle: 14
Register Write to Reg: 0x09 Val: 0x00000004
In clock cycle: 15
Register Write to Reg: 0x09 Val: 0x00000000
Arithmetic Overflow Detected
In clock cycle: 16
Register Write to Reg: 0x08 Val: 0x00000000
Arithmetic Overflow Detected
In clock cycle: 17
Register Write to Reg: 0x08 Val: 0x00000000
Arithmetic Overflow Detected
Execution is stopping! Clock Cycle: 18
