In clock cycle: 0
Register Write to Reg: 0x01 Val: 0x00000000
Arithmetic Overflow Detected
In clock cycle: 1
Register Write to Reg: 0x01 Val: 0x00000001
In clock cycle: 2
Register Write to Reg: 0x02 Val: 0xFFFFFFFF
In clock cycle: 3
Register Write to Reg: 0x02 Val: 0x00000001
Arithmetic Overflow Detected
In clock cycle: 4
Register Write to Reg: 0x01 Val: 0x00000000
In clock cycle: 5
Register Write to Reg: 0x01 Val: 0xFFFFEFFF
In clock cycle: 6
Register Write to Reg: 0x01 Val: 0x00000000
In clock cycle: 7
Register Write to Reg: 0x01 Val: 0xFFFF0001
In clock cycle: 8
Register Write to Reg: 0x01 Val: 0xFFFE0002
Arithmetic Overflow Detected
In clock cycle: 9
Register Write to Reg: 0x02 Val: 0x0001FFFE
In clock cycle: 10
Register Write to Reg: 0x02 Val: 0xFFFE0002
Arithmetic Overflow Detected
In clock cycle: 11
Register Write to Reg: 0x01 Val: 0x0000000A
In clock cycle: 12
Register Write to Reg: 0x02 Val: 0x00000032
In clock cycle: 13
Register Write to Reg: 0x03 Val: 0xFFFFFFD8
In clock cycle: 14
Register Write to Reg: 0x03 Val: 0x00000028
Arithmetic Overflow Detected
Execution is stopping! Clock Cycle: 15
