In clock cycle: 0
Register Write to Reg: 0x01 Val: 0x00000000
In clock cycle: 1
Register Write to Reg: 0x01 Val: 0xFFFFFFFC
In clock cycle: 2
Register Write to Reg: 0x09 Val: 0xFFFFFFFC
In clock cycle: 3
Register Write to Reg: 0x01 Val: 0x00000000
In clock cycle: 4
Register Write to Reg: 0x01 Val: 0xFFFFFFFA
In clock cycle: 5
Register Write to Reg: 0x0A Val: 0xFFFFFFFA
In clock cycle: 6
Register Write to Reg: 0x0B Val: 0xFFFFFFF6
Arithmetic Overflow Detected
In clock cycle: 7
Register Write to Reg: 0x02 Val: 0x00000001
In clock cycle: 8
Register Write to Reg: 0x04 Val: 0xFFFFFFF6
Execution is stopping! Clock Cycle: 10
