Warning in /home/connero/cpre381-project-1/proj/mips/slti_5.s line 3 column 5: MARS does not recognize the .globlmain directive.  Ignored.

[inst #1] addi $30,$0,0
Register Write to Reg: 0x1E Val: 0x00000000
[inst #2] addi $1,$0,-2340
Register Write to Reg: 0x01 Val: 0xFFFFF6DC
[inst #3] lui $1,-2
Register Write to Reg: 0x01 Val: 0xFFFE0000
[inst #4] ori $1,$1,43961
Register Write to Reg: 0x01 Val: 0xFFFEABB9
[inst #5] add $3,$0,$1
Register Write to Reg: 0x03 Val: 0xFFFEABB9
[inst #6] slti $10,$1,-1550
Register Write to Reg: 0x0A Val: 0x00000001
[inst #7] add $30,$30,$10
Register Write to Reg: 0x1E Val: 0x00000001
[inst #8] add $30,$30,$30
Register Write to Reg: 0x1E Val: 0x00000002
[inst #9] slti $10,$1,-9999
Register Write to Reg: 0x0A Val: 0x00000001
[inst #10] add $30,$30,$10
Register Write to Reg: 0x1E Val: 0x00000003
[inst #11] add $30,$30,$30
Register Write to Reg: 0x1E Val: 0x00000006
[inst #12] slti $10,$3,-9756
Register Write to Reg: 0x0A Val: 0x00000001
[inst #13] add $30,$30,$10
Register Write to Reg: 0x1E Val: 0x00000007
[inst #14] add $30,$30,$30
Register Write to Reg: 0x1E Val: 0x0000000E
[inst #15] slti $10,$3,-9990
Register Write to Reg: 0x0A Val: 0x00000001
[inst #16] add $30,$30,$10
Register Write to Reg: 0x1E Val: 0x0000000F
[inst #17] add $30,$30,$30
Register Write to Reg: 0x1E Val: 0x0000001E
[inst #18] halt 

