In clock cycle: 0
Register Write to Reg: 0x1E Val: 0x00000000
In clock cycle: 1
Register Write to Reg: 0x01 Val: 0xFFFFFFFF
In clock cycle: 2
Register Write to Reg: 0x01 Val: 0xFFFFFFFE
In clock cycle: 3
Register Write to Reg: 0x01 Val: 0xFFFF5445
Arithmetic Overflow Detected
In clock cycle: 4
Register Write to Reg: 0x03 Val: 0xFFFF5445
In clock cycle: 5
Register Write to Reg: 0x0A Val: 0xFFFF5A53
In clock cycle: 6
Register Write to Reg: 0x1E Val: 0xFFFF5A53
In clock cycle: 7
Register Write to Reg: 0x1E Val: 0xFFFF5A53
Arithmetic Overflow Detected
In clock cycle: 8
Register Write to Reg: 0x0A Val: 0xFFFF7B54
In clock cycle: 9
Register Write to Reg: 0x1E Val: 0xFFFF7B54
Arithmetic Overflow Detected
In clock cycle: 10
Register Write to Reg: 0x1E Val: 0xFFFF7B54
Arithmetic Overflow Detected
In clock cycle: 11
Register Write to Reg: 0x0A Val: 0xFFFF7A61
In clock cycle: 12
Register Write to Reg: 0x1E Val: 0xFFFF7A61
Arithmetic Overflow Detected
In clock cycle: 13
Register Write to Reg: 0x1E Val: 0xFFFF7A61
Arithmetic Overflow Detected
In clock cycle: 14
Register Write to Reg: 0x0A Val: 0xFFFF7B4B
In clock cycle: 15
Register Write to Reg: 0x1E Val: 0xFFFF7B4B
Arithmetic Overflow Detected
In clock cycle: 16
Register Write to Reg: 0x1E Val: 0xFFFF7B4B
Arithmetic Overflow Detected
Execution is stopping! Clock Cycle: 17
