In clock cycle: 0
Register Write to Reg: 0x08 Val: 0xFFFF8000
In clock cycle: 1
Register Write to Reg: 0x08 Val: 0x00000000
In clock cycle: 2
Register Write to Reg: 0x08 Val: 0x00007FFF
In clock cycle: 3
Register Write to Reg: 0x01 Val: 0x00000000
In clock cycle: 4
Register Write to Reg: 0x01 Val: 0xFFFF0001
In clock cycle: 5
Register Write to Reg: 0x08 Val: 0xFFFF0001
In clock cycle: 6
Register Write to Reg: 0x08 Val: 0x80000000
In clock cycle: 7
Register Write to Reg: 0x08 Val: 0x0000000F
In clock cycle: 8
Register Write to Reg: 0x01 Val: 0x00000000
In clock cycle: 9
Register Write to Reg: 0x01 Val: 0xFFFF1000
In clock cycle: 10
Register Write to Reg: 0x08 Val: 0xFFFF1000
In clock cycle: 11
Register Write to Reg: 0x08 Val: 0xFFFF1000
In clock cycle: 12
Register Write to Reg: 0x08 Val: 0xF1000000
In clock cycle: 13
Register Write to Reg: 0x08 Val: 0xFFFF8000
In clock cycle: 14
Register Write to Reg: 0x08 Val: 0x00000000
In clock cycle: 15
Register Write to Reg: 0x08 Val: 0x00007FFF
In clock cycle: 16
Register Write to Reg: 0x01 Val: 0x00000000
In clock cycle: 17
Register Write to Reg: 0x01 Val: 0xFFFF0001
In clock cycle: 18
Register Write to Reg: 0x08 Val: 0xFFFF0001
In clock cycle: 19
Register Write to Reg: 0x08 Val: 0x01000000
Execution is stopping! Clock Cycle: 20
