Warning in /home/connero/cpre381-project-1/proj/mips/subu_07.s line 3 column 5: MARS does not recognize the .globlmain directive.  Ignored.

[inst #1] lui $8,65535
Register Write to Reg: 0x08 Val: 0xFFFF0000
[inst #2] ori $8,$8,65535
Register Write to Reg: 0x08 Val: 0xFFFFFFFF
[inst #3] subu $8,$8,$8
Register Write to Reg: 0x08 Val: 0x00000000
[inst #4] addi $8,$0,-1
Register Write to Reg: 0x08 Val: 0xFFFFFFFF
[inst #5] subu $8,$0,$8
Register Write to Reg: 0x08 Val: 0x00000001
[inst #6] addi $8,$0,1
Register Write to Reg: 0x08 Val: 0x00000001
[inst #7] subu $8,$0,$8
Register Write to Reg: 0x08 Val: 0xFFFFFFFF
[inst #8] addi $8,$0,4
Register Write to Reg: 0x08 Val: 0x00000004
[inst #9] addi $9,$0,2
Register Write to Reg: 0x09 Val: 0x00000002
[inst #10] subu $8,$8,$9
Register Write to Reg: 0x08 Val: 0x00000002
[inst #11] subu $8,$0,$0
Register Write to Reg: 0x08 Val: 0x00000000
[inst #12] halt 

