In clock cycle: 0
Register Write to Reg: 0x01 Val: 0x00001001
In clock cycle: 1
Register Write to Reg: 0x01 Val: 0x00001001
Arithmetic Overflow Detected
In clock cycle: 2
Register Write to Reg: 0x19 Val: 0x00001001
In clock cycle: 3
Register Write to Reg: 0x01 Val: 0x0000391A
In clock cycle: 4
Register Write to Reg: 0x01 Val: 0xFFFF3C3C
In clock cycle: 5
Register Write to Reg: 0x08 Val: 0xFFFF3C3C
In clock cycle: 6
Memory Write to Addr: 0x00001001 Val: 0xFFFF3C3C
In clock cycle: 7
Register Write to Reg: 0x01 Val: 0x0000391A
In clock cycle: 8
Register Write to Reg: 0x01 Val: 0xFFFF3C3B
In clock cycle: 9
Register Write to Reg: 0x09 Val: 0xFFFF3C3B
In clock cycle: 10
Register Write to Reg: 0x01 Val: 0xFFFF0004
In clock cycle: 11
Register Write to Reg: 0x01 Val: 0xFFFF1005
In clock cycle: 12
Memory Write to Addr: 0xFFFF1005 Val: 0xFFFF3C3B
Execution is stopping! Clock Cycle: 13
