Warning in /home/connero/cpre381-project-1/proj/mips/subu_03.s line 3 column 5: MARS does not recognize the .globlmain directive.  Ignored.

[inst #1] addi $21,$0,1
Register Write to Reg: 0x15 Val: 0x00000001
[inst #2] addi $2,$0,-1
Register Write to Reg: 0x02 Val: 0xFFFFFFFF
[inst #3] lui $1,-32768
Register Write to Reg: 0x01 Val: 0x80000000
[inst #4] ori $1,$1,0
Register Write to Reg: 0x01 Val: 0x80000000
[inst #5] add $3,$0,$1
Register Write to Reg: 0x03 Val: 0x80000000
[inst #6] lui $1,32767
Register Write to Reg: 0x01 Val: 0x7FFF0000
[inst #7] ori $1,$1,65535
Register Write to Reg: 0x01 Val: 0x7FFFFFFF
[inst #8] add $4,$0,$1
Register Write to Reg: 0x04 Val: 0x7FFFFFFF
[inst #9] subu $5,$3,$2
Register Write to Reg: 0x05 Val: 0x80000001
[inst #10] subu $6,$4,$21
Register Write to Reg: 0x06 Val: 0x7FFFFFFE
[inst #11] subu $7,$3,$21
Register Write to Reg: 0x07 Val: 0x7FFFFFFF
[inst #12] subu $8,$4,$2
Register Write to Reg: 0x08 Val: 0x80000000
[inst #13] subu $9,$7,$4
Register Write to Reg: 0x09 Val: 0x00000000
[inst #14] subu $10,$8,$3
Register Write to Reg: 0x0A Val: 0x00000000
[inst #15] halt 

