In clock cycle: 0
Register Write to Reg: 0x02 Val: 0xFFFF8000
In clock cycle: 1
Register Write to Reg: 0x03 Val: 0x00000000
In clock cycle: 2
Register Write to Reg: 0x01 Val: 0x00000000
Arithmetic Overflow Detected
In clock cycle: 3
Register Write to Reg: 0x01 Val: 0xFFFF8001
In clock cycle: 4
Register Write to Reg: 0x01 Val: 0xFFFF0001
Arithmetic Overflow Detected
In clock cycle: 5
Register Write to Reg: 0x01 Val: 0x00008000
In clock cycle: 6
Register Write to Reg: 0x02 Val: 0xFFFFFFFF
Arithmetic Overflow Detected
In clock cycle: 7
Register Write to Reg: 0x03 Val: 0x00000001
In clock cycle: 8
Register Write to Reg: 0x01 Val: 0x00007FFF
Arithmetic Overflow Detected
In clock cycle: 9
Register Write to Reg: 0x01 Val: 0xFFFF8002
Execution is stopping! Clock Cycle: 10
