Warning in /home/connero/cpre381-project-1/proj/mips/add_08.s line 3 column 5: MARS does not recognize the .globlmain directive.  Ignored.

[inst #1] add $1,$0,$0
Register Write to Reg: 0x01 Val: 0x00000000
[inst #2] add $2,$0,$0
Register Write to Reg: 0x02 Val: 0x00000000
[inst #3] add $3,$0,$0
Register Write to Reg: 0x03 Val: 0x00000000
[inst #4] add $4,$0,$0
Register Write to Reg: 0x04 Val: 0x00000000
[inst #5] add $5,$0,$0
Register Write to Reg: 0x05 Val: 0x00000000
[inst #6] add $6,$0,$0
Register Write to Reg: 0x06 Val: 0x00000000
[inst #7] add $7,$0,$0
Register Write to Reg: 0x07 Val: 0x00000000
[inst #8] add $8,$0,$0
Register Write to Reg: 0x08 Val: 0x00000000
[inst #9] add $9,$0,$0
Register Write to Reg: 0x09 Val: 0x00000000
[inst #10] add $10,$0,$0
Register Write to Reg: 0x0A Val: 0x00000000
[inst #11] add $11,$0,$0
Register Write to Reg: 0x0B Val: 0x00000000
[inst #12] add $12,$0,$0
Register Write to Reg: 0x0C Val: 0x00000000
[inst #13] add $13,$0,$0
Register Write to Reg: 0x0D Val: 0x00000000
[inst #14] add $14,$0,$0
Register Write to Reg: 0x0E Val: 0x00000000
[inst #15] add $15,$0,$0
Register Write to Reg: 0x0F Val: 0x00000000
[inst #16] add $16,$0,$0
Register Write to Reg: 0x10 Val: 0x00000000
[inst #17] add $17,$0,$0
Register Write to Reg: 0x11 Val: 0x00000000
[inst #18] add $18,$0,$0
Register Write to Reg: 0x12 Val: 0x00000000
[inst #19] add $19,$0,$0
Register Write to Reg: 0x13 Val: 0x00000000
[inst #20] add $20,$0,$0
Register Write to Reg: 0x14 Val: 0x00000000
[inst #21] add $21,$0,$0
Register Write to Reg: 0x15 Val: 0x00000000
[inst #22] add $22,$0,$0
Register Write to Reg: 0x16 Val: 0x00000000
[inst #23] add $23,$0,$0
Register Write to Reg: 0x17 Val: 0x00000000
[inst #24] add $24,$0,$0
Register Write to Reg: 0x18 Val: 0x00000000
[inst #25] add $25,$0,$0
Register Write to Reg: 0x19 Val: 0x00000000
[inst #26] add $26,$0,$0
Register Write to Reg: 0x1A Val: 0x00000000
[inst #27] add $27,$0,$0
Register Write to Reg: 0x1B Val: 0x00000000
[inst #28] add $28,$0,$0
Register Write to Reg: 0x1C Val: 0x00000000
[inst #29] add $29,$0,$0
Register Write to Reg: 0x1D Val: 0x00000000
[inst #30] add $30,$0,$0
Register Write to Reg: 0x1E Val: 0x00000000
[inst #31] add $31,$0,$0
Register Write to Reg: 0x1F Val: 0x00000000
[inst #32] halt 

