[inst #1] addi $1,$0,1
Register Write to Reg: 0x01 Val: 0x00000001
[inst #2] addi $2,$0,2
Register Write to Reg: 0x02 Val: 0x00000002
[inst #3] addi $3,$0,3
Register Write to Reg: 0x03 Val: 0x00000003
[inst #4] addi $4,$0,4
Register Write to Reg: 0x04 Val: 0x00000004
[inst #5] addi $5,$0,5
Register Write to Reg: 0x05 Val: 0x00000005
[inst #6] addi $6,$0,6
Register Write to Reg: 0x06 Val: 0x00000006
[inst #7] addi $7,$0,7
Register Write to Reg: 0x07 Val: 0x00000007
[inst #8] addi $8,$0,8
Register Write to Reg: 0x08 Val: 0x00000008
[inst #9] addi $9,$0,9
Register Write to Reg: 0x09 Val: 0x00000009
[inst #10] addi $10,$0,10
Register Write to Reg: 0x0A Val: 0x0000000A
[inst #11] add $1,$1,$2
Register Write to Reg: 0x01 Val: 0x00000003
[inst #12] add $2,$2,$3
Register Write to Reg: 0x02 Val: 0x00000005
[inst #13] add $3,$3,$4
Register Write to Reg: 0x03 Val: 0x00000007
[inst #14] add $4,$4,$5
Register Write to Reg: 0x04 Val: 0x00000009
[inst #15] add $5,$5,$6
Register Write to Reg: 0x05 Val: 0x0000000B
[inst #16] add $6,$6,$7
Register Write to Reg: 0x06 Val: 0x0000000D
[inst #17] add $7,$7,$8
Register Write to Reg: 0x07 Val: 0x0000000F
[inst #18] add $8,$8,$9
Register Write to Reg: 0x08 Val: 0x00000011
[inst #19] add $9,$9,$10
Register Write to Reg: 0x09 Val: 0x00000013
[inst #20] add $1,$1,$2
Register Write to Reg: 0x01 Val: 0x00000008
[inst #21] add $2,$2,$3
Register Write to Reg: 0x02 Val: 0x0000000C
[inst #22] add $3,$3,$4
Register Write to Reg: 0x03 Val: 0x00000010
[inst #23] add $4,$4,$5
Register Write to Reg: 0x04 Val: 0x00000014
[inst #24] add $5,$5,$6
Register Write to Reg: 0x05 Val: 0x00000018
[inst #25] add $6,$6,$7
Register Write to Reg: 0x06 Val: 0x0000001C
[inst #26] add $7,$7,$8
Register Write to Reg: 0x07 Val: 0x00000020
[inst #27] add $8,$8,$9
Register Write to Reg: 0x08 Val: 0x00000024
[inst #28] add $9,$9,$10
Register Write to Reg: 0x09 Val: 0x0000001D
[inst #29] add $1,$0,$0
Register Write to Reg: 0x01 Val: 0x00000000
[inst #30] add $2,$0,$0
Register Write to Reg: 0x02 Val: 0x00000000
[inst #31] add $3,$0,$0
Register Write to Reg: 0x03 Val: 0x00000000
[inst #32] add $4,$0,$0
Register Write to Reg: 0x04 Val: 0x00000000
[inst #33] add $5,$0,$0
Register Write to Reg: 0x05 Val: 0x00000000
[inst #34] add $6,$0,$0
Register Write to Reg: 0x06 Val: 0x00000000
[inst #35] add $7,$0,$0
Register Write to Reg: 0x07 Val: 0x00000000
[inst #36] add $8,$0,$0
Register Write to Reg: 0x08 Val: 0x00000000
[inst #37] add $9,$0,$0
Register Write to Reg: 0x09 Val: 0x00000000
[inst #38] add $10,$0,$0
Register Write to Reg: 0x0A Val: 0x00000000
[inst #39] add $11,$0,$0
Register Write to Reg: 0x0B Val: 0x00000000
[inst #40] add $12,$0,$0
Register Write to Reg: 0x0C Val: 0x00000000
[inst #41] add $13,$0,$0
Register Write to Reg: 0x0D Val: 0x00000000
[inst #42] add $14,$0,$0
Register Write to Reg: 0x0E Val: 0x00000000
[inst #43] add $15,$0,$0
Register Write to Reg: 0x0F Val: 0x00000000
[inst #44] add $16,$0,$0
Register Write to Reg: 0x10 Val: 0x00000000
[inst #45] add $17,$0,$0
Register Write to Reg: 0x11 Val: 0x00000000
[inst #46] add $18,$0,$0
Register Write to Reg: 0x12 Val: 0x00000000
[inst #47] add $19,$0,$0
Register Write to Reg: 0x13 Val: 0x00000000
[inst #48] add $20,$0,$0
Register Write to Reg: 0x14 Val: 0x00000000
[inst #49] add $21,$0,$0
Register Write to Reg: 0x15 Val: 0x00000000
[inst #50] add $22,$0,$0
Register Write to Reg: 0x16 Val: 0x00000000
[inst #51] add $23,$0,$0
Register Write to Reg: 0x17 Val: 0x00000000
[inst #52] add $8,$0,$0
Register Write to Reg: 0x08 Val: 0x00000000
[inst #53] add $9,$0,$0
Register Write to Reg: 0x09 Val: 0x00000000
[inst #54] add $10,$0,$0
Register Write to Reg: 0x0A Val: 0x00000000
[inst #55] halt 

