In clock cycle: 0
Register Write to Reg: 0x02 Val: 0x00000004
In clock cycle: 1
Register Write to Reg: 0x01 Val: 0x00001001
In clock cycle: 2
Register Write to Reg: 0x04 Val: 0x00000FE7
Arithmetic Overflow Detected
In clock cycle: 4
Register Write to Reg: 0x08 Val: 0x00000032
In clock cycle: 6
Register Write to Reg: 0x02 Val: 0x00000004
In clock cycle: 7
Register Write to Reg: 0x01 Val: 0x00001001
In clock cycle: 8
Register Write to Reg: 0x04 Val: 0x00000FF4
Arithmetic Overflow Detected
In clock cycle: 10
Register Write to Reg: 0x02 Val: 0x00000004
In clock cycle: 11
Register Write to Reg: 0x01 Val: 0x00001001
In clock cycle: 12
Register Write to Reg: 0x04 Val: 0x00001001
Arithmetic Overflow Detected
In clock cycle: 14
Register Write to Reg: 0x02 Val: 0x00000004
In clock cycle: 15
Register Write to Reg: 0x01 Val: 0x00001001
In clock cycle: 16
Register Write to Reg: 0x04 Val: 0x00000FDF
Arithmetic Overflow Detected
In clock cycle: 18
Register Write to Reg: 0x08 Val: 0xFFFFFFFF
In clock cycle: 20
Register Write to Reg: 0x02 Val: 0x00000004
In clock cycle: 21
Register Write to Reg: 0x01 Val: 0x00001001
In clock cycle: 22
Register Write to Reg: 0x04 Val: 0x00001001
Arithmetic Overflow Detected
In clock cycle: 25
Register Write to Reg: 0x02 Val: 0x00000004
In clock cycle: 26
Register Write to Reg: 0x01 Val: 0x00001001
In clock cycle: 27
Register Write to Reg: 0x04 Val: 0x00000FD7
Arithmetic Overflow Detected
In clock cycle: 29
Register Write to Reg: 0x08 Val: 0x00000000
In clock cycle: 31
Register Write to Reg: 0x02 Val: 0x00000004
In clock cycle: 32
Register Write to Reg: 0x01 Val: 0x00001001
In clock cycle: 33
Register Write to Reg: 0x04 Val: 0x00001001
Arithmetic Overflow Detected
Execution is stopping! Clock Cycle: 36
