In clock cycle: 0
Register Write to Reg: 0x09 Val: 0x00000000
In clock cycle: 1
Register Write to Reg: 0x0A Val: 0x00000000
In clock cycle: 2
Register Write to Reg: 0x04 Val: 0x00000000
In clock cycle: 3
Register Write to Reg: 0x09 Val: 0x00000000
In clock cycle: 4
Register Write to Reg: 0x0A Val: 0x00000000
In clock cycle: 5
Register Write to Reg: 0x01 Val: 0x00002134
In clock cycle: 6
Register Write to Reg: 0x01 Val: 0xFFFFD014
In clock cycle: 7
Register Write to Reg: 0x09 Val: 0xFFFFD014
In clock cycle: 8
Register Write to Reg: 0x01 Val: 0x00001014
In clock cycle: 9
Register Write to Reg: 0x01 Val: 0x00000014
Arithmetic Overflow Detected
In clock cycle: 10
Register Write to Reg: 0x0A Val: 0x00000014
In clock cycle: 11
Register Write to Reg: 0x04 Val: 0xFFFFD028
In clock cycle: 12
Register Write to Reg: 0x04 Val: 0xFFFFD014
In clock cycle: 13
Register Write to Reg: 0x01 Val: 0xFFFFAFED
In clock cycle: 14
Register Write to Reg: 0x01 Val: 0xFFFEE40F
Arithmetic Overflow Detected
In clock cycle: 15
Register Write to Reg: 0x09 Val: 0xFFFEE40F
In clock cycle: 16
Register Write to Reg: 0x01 Val: 0xFFFF8888
In clock cycle: 17
Register Write to Reg: 0x01 Val: 0xFFFF0000
Arithmetic Overflow Detected
In clock cycle: 18
Register Write to Reg: 0x0A Val: 0xFFFF0000
In clock cycle: 19
Register Write to Reg: 0x04 Val: 0xFFFDE40F
Arithmetic Overflow Detected
In clock cycle: 20
Register Write to Reg: 0x04 Val: 0xFFFEE40F
Execution is stopping! Clock Cycle: 21
