In clock cycle: 0
Register Write to Reg: 0x01 Val: 0x00001000
In clock cycle: 1
Register Write to Reg: 0x02 Val: 0x00000FFF
In clock cycle: 2
Register Write to Reg: 0x02 Val: 0xFFFF1000
In clock cycle: 3
Register Write to Reg: 0x03 Val: 0xFFFF2000
In clock cycle: 4
Register Write to Reg: 0x04 Val: 0xFFFE3000
Arithmetic Overflow Detected
In clock cycle: 5
Register Write to Reg: 0x05 Val: 0xFFFD4000
Arithmetic Overflow Detected
In clock cycle: 6
Register Write to Reg: 0x06 Val: 0xFFFC5000
Arithmetic Overflow Detected
In clock cycle: 7
Register Write to Reg: 0x07 Val: 0xFFFB6000
Arithmetic Overflow Detected
In clock cycle: 8
Register Write to Reg: 0x08 Val: 0xFFFA7000
Arithmetic Overflow Detected
In clock cycle: 9
Register Write to Reg: 0x09 Val: 0xFFF98000
Arithmetic Overflow Detected
In clock cycle: 10
Register Write to Reg: 0x0A Val: 0xFFF89000
Arithmetic Overflow Detected
In clock cycle: 11
Register Write to Reg: 0x0B Val: 0xFFF7A000
Arithmetic Overflow Detected
In clock cycle: 12
Register Write to Reg: 0x0C Val: 0xFFF6B000
Arithmetic Overflow Detected
In clock cycle: 13
Register Write to Reg: 0x0D Val: 0xFFF5C000
Arithmetic Overflow Detected
In clock cycle: 14
Register Write to Reg: 0x0E Val: 0xFFF4D000
Arithmetic Overflow Detected
In clock cycle: 15
Register Write to Reg: 0x0F Val: 0xFFF3E000
Arithmetic Overflow Detected
In clock cycle: 16
Register Write to Reg: 0x10 Val: 0xFFF2F000
Arithmetic Overflow Detected
In clock cycle: 17
Register Write to Reg: 0x11 Val: 0xFFF20000
Arithmetic Overflow Detected
In clock cycle: 18
Register Write to Reg: 0x12 Val: 0xFFF11000
Arithmetic Overflow Detected
In clock cycle: 19
Register Write to Reg: 0x13 Val: 0xFFF02000
Arithmetic Overflow Detected
In clock cycle: 20
Register Write to Reg: 0x14 Val: 0xFFEF3000
Arithmetic Overflow Detected
In clock cycle: 21
Register Write to Reg: 0x15 Val: 0xFFEE4000
Arithmetic Overflow Detected
In clock cycle: 22
Register Write to Reg: 0x16 Val: 0xFFED5000
Arithmetic Overflow Detected
In clock cycle: 23
Register Write to Reg: 0x17 Val: 0xFFEC6000
Arithmetic Overflow Detected
In clock cycle: 24
Register Write to Reg: 0x18 Val: 0xFFEB7000
Arithmetic Overflow Detected
In clock cycle: 25
Register Write to Reg: 0x19 Val: 0xFFEA8000
Arithmetic Overflow Detected
In clock cycle: 26
Register Write to Reg: 0x1A Val: 0xFFE99000
Arithmetic Overflow Detected
In clock cycle: 27
Register Write to Reg: 0x1B Val: 0xFFE8A000
Arithmetic Overflow Detected
In clock cycle: 28
Register Write to Reg: 0x1C Val: 0xFFE7B000
Arithmetic Overflow Detected
In clock cycle: 29
Register Write to Reg: 0x1D Val: 0xFFE6C000
Arithmetic Overflow Detected
In clock cycle: 30
Register Write to Reg: 0x1E Val: 0xFFE5D000
Arithmetic Overflow Detected
In clock cycle: 31
Register Write to Reg: 0x1F Val: 0xFFE4E000
Arithmetic Overflow Detected
Execution is stopping! Clock Cycle: 32
