Warning in /home/connero/cpre381-project-1/proj/mips/andi_2.s line 4 column 5: MARS does not recognize the .globlmain directive.  Ignored.

[inst #1] addi $8,$0,-85
Register Write to Reg: 0x08 Val: 0xFFFFFFAB
[inst #2] addi $9,$0,5000
Register Write to Reg: 0x09 Val: 0x00001388
[inst #3] addi $10,$0,20000
Register Write to Reg: 0x0A Val: 0x00004E20
[inst #4] addi $11,$0,-1
Register Write to Reg: 0x0B Val: 0xFFFFFFFF
[inst #5] lui $1,-1
Register Write to Reg: 0x01 Val: 0xFFFF0000
[inst #6] ori $1,$1,65535
Register Write to Reg: 0x01 Val: 0xFFFFFFFF
[inst #7] and $12,$8,$1
Register Write to Reg: 0x0C Val: 0xFFFFFFAB
[inst #8] lui $1,-1
Register Write to Reg: 0x01 Val: 0xFFFF0000
[inst #9] ori $1,$1,65535
Register Write to Reg: 0x01 Val: 0xFFFFFFFF
[inst #10] and $13,$9,$1
Register Write to Reg: 0x0D Val: 0x00001388
[inst #11] lui $1,-1
Register Write to Reg: 0x01 Val: 0xFFFF0000
[inst #12] ori $1,$1,65535
Register Write to Reg: 0x01 Val: 0xFFFFFFFF
[inst #13] and $14,$10,$1
Register Write to Reg: 0x0E Val: 0x00004E20
[inst #14] lui $1,-1
Register Write to Reg: 0x01 Val: 0xFFFF0000
[inst #15] ori $1,$1,65535
Register Write to Reg: 0x01 Val: 0xFFFFFFFF
[inst #16] and $15,$11,$1
Register Write to Reg: 0x0F Val: 0xFFFFFFFF
[inst #17] halt 

