Warning in /home/connero/cpre381-project-1/proj/mips/andi_4.s line 3 column 5: MARS does not recognize the .globlmain directive.  Ignored.

[inst #1] andi $1,$0,0
Register Write to Reg: 0x01 Val: 0x00000000
[inst #2] andi $2,$0,0
Register Write to Reg: 0x02 Val: 0x00000000
[inst #3] andi $3,$0,0
Register Write to Reg: 0x03 Val: 0x00000000
[inst #4] andi $4,$0,0
Register Write to Reg: 0x04 Val: 0x00000000
[inst #5] andi $5,$0,0
Register Write to Reg: 0x05 Val: 0x00000000
[inst #6] andi $6,$0,0
Register Write to Reg: 0x06 Val: 0x00000000
[inst #7] andi $7,$0,0
Register Write to Reg: 0x07 Val: 0x00000000
[inst #8] andi $8,$0,0
Register Write to Reg: 0x08 Val: 0x00000000
[inst #9] andi $9,$0,0
Register Write to Reg: 0x09 Val: 0x00000000
[inst #10] andi $10,$0,0
Register Write to Reg: 0x0A Val: 0x00000000
[inst #11] andi $11,$0,0
Register Write to Reg: 0x0B Val: 0x00000000
[inst #12] andi $12,$0,0
Register Write to Reg: 0x0C Val: 0x00000000
[inst #13] andi $13,$0,0
Register Write to Reg: 0x0D Val: 0x00000000
[inst #14] andi $14,$0,0
Register Write to Reg: 0x0E Val: 0x00000000
[inst #15] andi $15,$0,0
Register Write to Reg: 0x0F Val: 0x00000000
[inst #16] andi $16,$0,0
Register Write to Reg: 0x10 Val: 0x00000000
[inst #17] andi $17,$0,0
Register Write to Reg: 0x11 Val: 0x00000000
[inst #18] andi $18,$0,0
Register Write to Reg: 0x12 Val: 0x00000000
[inst #19] andi $19,$0,0
Register Write to Reg: 0x13 Val: 0x00000000
[inst #20] andi $20,$0,0
Register Write to Reg: 0x14 Val: 0x00000000
[inst #21] andi $21,$0,0
Register Write to Reg: 0x15 Val: 0x00000000
[inst #22] andi $22,$0,0
Register Write to Reg: 0x16 Val: 0x00000000
[inst #23] andi $23,$0,0
Register Write to Reg: 0x17 Val: 0x00000000
[inst #24] andi $24,$0,0
Register Write to Reg: 0x18 Val: 0x00000000
[inst #25] andi $25,$0,0
Register Write to Reg: 0x19 Val: 0x00000000
[inst #26] andi $26,$0,0
Register Write to Reg: 0x1A Val: 0x00000000
[inst #27] andi $27,$0,0
Register Write to Reg: 0x1B Val: 0x00000000
[inst #28] andi $28,$0,0
Register Write to Reg: 0x1C Val: 0x00000000
[inst #29] andi $29,$0,0
Register Write to Reg: 0x1D Val: 0x00000000
[inst #30] andi $30,$0,0
Register Write to Reg: 0x1E Val: 0x00000000
[inst #31] andi $31,$0,0
Register Write to Reg: 0x1F Val: 0x00000000
[inst #32] halt 

