In clock cycle: 0
Register Write to Reg: 0x09 Val: 0x00001000
In clock cycle: 1
Register Write to Reg: 0x08 Val: 0xFFFFABCD
In clock cycle: 2
Register Write to Reg: 0x08 Val: 0xFFFEBC23
Arithmetic Overflow Detected
In clock cycle: 3
Memory Write to Addr: 0x00001000 Val: 0xFFFEBC23
In clock cycle: 4
Register Write to Reg: 0x08 Val: 0x00001234
In clock cycle: 5
Register Write to Reg: 0x08 Val: 0xFFFFBBBC
In clock cycle: 6
Memory Write to Addr: 0x00001004 Val: 0xFFFFBBBC
In clock cycle: 7
Register Write to Reg: 0x08 Val: 0xFFFFABCD
In clock cycle: 8
Register Write to Reg: 0x08 Val: 0xFFFEBC23
Arithmetic Overflow Detected
In clock cycle: 9
Memory Write to Addr: 0x00001008 Val: 0xFFFEBC23
In clock cycle: 10
Register Write to Reg: 0x08 Val: 0x00001234
In clock cycle: 11
Register Write to Reg: 0x08 Val: 0xFFFFBBBC
In clock cycle: 12
Memory Write to Addr: 0x0000100C Val: 0xFFFFBBBC
Execution is stopping! Clock Cycle: 13
