Warning in /home/connero/cpre381-project-1/proj/mips/slti_6.s line 3 column 5: MARS does not recognize the .globlmain directive.  Ignored.

[inst #1] addi $30,$0,2
Register Write to Reg: 0x1E Val: 0x00000002
[inst #2] addi $1,$0,-2340
Register Write to Reg: 0x01 Val: 0xFFFFF6DC
[inst #3] addi $3,$0,8871
Register Write to Reg: 0x03 Val: 0x000022A7
[inst #4] slti $10,$1,-2340
Register Write to Reg: 0x0A Val: 0x00000000
[inst #5] add $30,$30,$10
Register Write to Reg: 0x1E Val: 0x00000002
[inst #6] add $30,$30,$30
Register Write to Reg: 0x1E Val: 0x00000004
[inst #7] slti $10,$1,8871
Register Write to Reg: 0x0A Val: 0x00000001
[inst #8] add $30,$30,$10
Register Write to Reg: 0x1E Val: 0x00000005
[inst #9] add $30,$30,$30
Register Write to Reg: 0x1E Val: 0x0000000A
[inst #10] halt 

