In clock cycle: 0
Register Write to Reg: 0x1E Val: 0x00000002
In clock cycle: 1
Register Write to Reg: 0x01 Val: 0xFFFFFFFF
In clock cycle: 2
Register Write to Reg: 0x03 Val: 0x00000008
In clock cycle: 3
Register Write to Reg: 0x0A Val: 0x00000923
Arithmetic Overflow Detected
In clock cycle: 4
Register Write to Reg: 0x1E Val: 0x00000923
In clock cycle: 5
Register Write to Reg: 0x1E Val: 0x00000923
In clock cycle: 6
Register Write to Reg: 0x0A Val: 0xFFFFDD58
Arithmetic Overflow Detected
In clock cycle: 7
Register Write to Reg: 0x1E Val: 0xFFFFDD58
In clock cycle: 8
Register Write to Reg: 0x1E Val: 0xFFFFDD58
Arithmetic Overflow Detected
Execution is stopping! Clock Cycle: 9
