Warning in /home/connero/cpre381-project-1/proj/mips/and_3.s line 3 column 5: MARS does not recognize the .globlmain directive.  Ignored.

[inst #1] lui $1,-30875
Register Write to Reg: 0x01 Val: 0x87650000
[inst #2] ori $1,$1,17185
Register Write to Reg: 0x01 Val: 0x87654321
[inst #3] add $9,$0,$1
Register Write to Reg: 0x09 Val: 0x87654321
[inst #4] lui $1,4660
Register Write to Reg: 0x01 Val: 0x12340000
[inst #5] ori $1,$1,22136
Register Write to Reg: 0x01 Val: 0x12345678
[inst #6] add $10,$0,$1
Register Write to Reg: 0x0A Val: 0x12345678
[inst #7] and $4,$9,$10
Register Write to Reg: 0x04 Val: 0x02244220
[inst #8] and $9,$0,$0
Register Write to Reg: 0x09 Val: 0x00000000
[inst #9] and $10,$0,$0
Register Write to Reg: 0x0A Val: 0x00000000
[inst #10] lui $1,17476
Register Write to Reg: 0x01 Val: 0x44440000
[inst #11] ori $1,$1,17476
Register Write to Reg: 0x01 Val: 0x44444444
[inst #12] add $9,$0,$1
Register Write to Reg: 0x09 Val: 0x44444444
[inst #13] lui $1,21845
Register Write to Reg: 0x01 Val: 0x55550000
[inst #14] ori $1,$1,21845
Register Write to Reg: 0x01 Val: 0x55555555
[inst #15] add $10,$0,$1
Register Write to Reg: 0x0A Val: 0x55555555
[inst #16] and $4,$9,$10
Register Write to Reg: 0x04 Val: 0x44444444
[inst #17] and $4,$9,$0
Register Write to Reg: 0x04 Val: 0x00000000
[inst #18] lui $1,0
Register Write to Reg: 0x01 Val: 0x00000000
[inst #19] ori $1,$1,65535
Register Write to Reg: 0x01 Val: 0x0000FFFF
[inst #20] add $9,$0,$1
Register Write to Reg: 0x09 Val: 0x0000FFFF
[inst #21] lui $1,4369
Register Write to Reg: 0x01 Val: 0x11110000
[inst #22] ori $1,$1,0
Register Write to Reg: 0x01 Val: 0x11110000
[inst #23] add $10,$0,$1
Register Write to Reg: 0x0A Val: 0x11110000
[inst #24] and $4,$9,$10
Register Write to Reg: 0x04 Val: 0x00000000
[inst #25] and $4,$9,$0
Register Write to Reg: 0x04 Val: 0x00000000
[inst #26] lui $1,6144
Register Write to Reg: 0x01 Val: 0x18000000
[inst #27] ori $1,$1,33048
Register Write to Reg: 0x01 Val: 0x18008118
[inst #28] add $9,$0,$1
Register Write to Reg: 0x09 Val: 0x18008118
[inst #29] lui $1,6168
Register Write to Reg: 0x01 Val: 0x18180000
[inst #30] ori $1,$1,6168
Register Write to Reg: 0x01 Val: 0x18181818
[inst #31] add $10,$0,$1
Register Write to Reg: 0x0A Val: 0x18181818
[inst #32] and $4,$9,$10
Register Write to Reg: 0x04 Val: 0x18000018
[inst #33] and $4,$9,$0
Register Write to Reg: 0x04 Val: 0x00000000
[inst #34] halt 

