In clock cycle: 0
Register Write to Reg: 0x01 Val: 0xFFFF8765
In clock cycle: 1
Register Write to Reg: 0x01 Val: 0xFFFF4444
Arithmetic Overflow Detected
In clock cycle: 2
Register Write to Reg: 0x09 Val: 0xFFFF4444
In clock cycle: 3
Register Write to Reg: 0x01 Val: 0x00001234
In clock cycle: 4
Register Write to Reg: 0x01 Val: 0xFFFFBBBC
In clock cycle: 5
Register Write to Reg: 0x0A Val: 0xFFFFBBBC
In clock cycle: 6
Register Write to Reg: 0x04 Val: 0xFFFF0000
Arithmetic Overflow Detected
In clock cycle: 7
Register Write to Reg: 0x09 Val: 0x00000000
In clock cycle: 8
Register Write to Reg: 0x0A Val: 0x00000000
In clock cycle: 9
Register Write to Reg: 0x01 Val: 0x00004444
In clock cycle: 10
Register Write to Reg: 0x01 Val: 0x00000000
Arithmetic Overflow Detected
In clock cycle: 11
Register Write to Reg: 0x09 Val: 0x00000000
In clock cycle: 12
Register Write to Reg: 0x01 Val: 0x00005555
In clock cycle: 13
Register Write to Reg: 0x01 Val: 0x00000000
Arithmetic Overflow Detected
In clock cycle: 14
Register Write to Reg: 0x0A Val: 0x00000000
In clock cycle: 15
Register Write to Reg: 0x04 Val: 0x00000000
In clock cycle: 16
Register Write to Reg: 0x04 Val: 0x00000000
In clock cycle: 17
Register Write to Reg: 0x01 Val: 0x00000000
In clock cycle: 18
Register Write to Reg: 0x01 Val: 0xFFFF0001
In clock cycle: 19
Register Write to Reg: 0x09 Val: 0xFFFF0001
In clock cycle: 20
Register Write to Reg: 0x01 Val: 0x00001111
In clock cycle: 21
Register Write to Reg: 0x01 Val: 0x00001111
Arithmetic Overflow Detected
In clock cycle: 22
Register Write to Reg: 0x0A Val: 0x00001111
In clock cycle: 23
Register Write to Reg: 0x04 Val: 0xFFFF1112
In clock cycle: 24
Register Write to Reg: 0x04 Val: 0xFFFF0001
In clock cycle: 25
Register Write to Reg: 0x01 Val: 0x00001800
In clock cycle: 26
Register Write to Reg: 0x01 Val: 0xFFFF96E8
In clock cycle: 27
Register Write to Reg: 0x09 Val: 0xFFFF96E8
In clock cycle: 28
Register Write to Reg: 0x01 Val: 0x00001818
In clock cycle: 29
Register Write to Reg: 0x01 Val: 0x00000000
Arithmetic Overflow Detected
In clock cycle: 30
Register Write to Reg: 0x0A Val: 0x00000000
In clock cycle: 31
Register Write to Reg: 0x04 Val: 0xFFFF96E8
In clock cycle: 32
Register Write to Reg: 0x04 Val: 0xFFFF96E8
Execution is stopping! Clock Cycle: 33
