In clock cycle: 0
Register Write to Reg: 0x10 Val: 0x00000000
In clock cycle: 2
Register Write to Reg: 0x00 Val: 0x00000000
Arithmetic Overflow Detected
In clock cycle: 3
Register Write to Reg: 0x00 Val: 0x00000000
Arithmetic Overflow Detected
In clock cycle: 4
Register Write to Reg: 0x01 Val: 0x00007FFF
In clock cycle: 5
Register Write to Reg: 0x08 Val: 0xFFFF8000
In clock cycle: 7
Register Write to Reg: 0x00 Val: 0x00000000
Arithmetic Overflow Detected
In clock cycle: 8
Register Write to Reg: 0x00 Val: 0x00000000
Arithmetic Overflow Detected
In clock cycle: 9
Register Write to Reg: 0x01 Val: 0x00007FFF
In clock cycle: 10
Register Write to Reg: 0x10 Val: 0xFFFF8000
In clock cycle: 12
Register Write to Reg: 0x00 Val: 0x00000000
Arithmetic Overflow Detected
In clock cycle: 13
Register Write to Reg: 0x00 Val: 0x00000000
Arithmetic Overflow Detected
In clock cycle: 14
Register Write to Reg: 0x01 Val: 0x00007FFF
In clock cycle: 15
Register Write to Reg: 0x08 Val: 0xFFFF8000
In clock cycle: 17
Register Write to Reg: 0x00 Val: 0x00000000
Arithmetic Overflow Detected
In clock cycle: 18
Register Write to Reg: 0x00 Val: 0x00000000
Arithmetic Overflow Detected
Execution is stopping! Clock Cycle: 19
