Warning in /home/connero/cpre381-project-1/proj/mips/xor_6.s line 3 column 5: MARS does not recognize the .globlmain directive.  Ignored.

[inst #1] lui $8,65535
Register Write to Reg: 0x08 Val: 0xFFFF0000
[inst #2] lui $1,0
Register Write to Reg: 0x01 Val: 0x00000000
[inst #3] ori $1,$1,65535
Register Write to Reg: 0x01 Val: 0x0000FFFF
[inst #4] add $8,$8,$1
Register Write to Reg: 0x08 Val: 0xFFFFFFFF
[inst #5] lui $9,65535
Register Write to Reg: 0x09 Val: 0xFFFF0000
[inst #6] lui $1,0
Register Write to Reg: 0x01 Val: 0x00000000
[inst #7] ori $1,$1,65535
Register Write to Reg: 0x01 Val: 0x0000FFFF
[inst #8] add $9,$9,$1
Register Write to Reg: 0x09 Val: 0xFFFFFFFF
[inst #9] xor $10,$8,$9
Register Write to Reg: 0x0A Val: 0x00000000
[inst #10] halt 

