In clock cycle: 0
Register Write to Reg: 0x08 Val: 0xFFFFFFFE
In clock cycle: 1
Register Write to Reg: 0x09 Val: 0xFFFFFFFB
In clock cycle: 2
Register Write to Reg: 0x08 Val: 0xFFFFFFF9
Arithmetic Overflow Detected
In clock cycle: 3
Register Write to Reg: 0x0A Val: 0xFFFFFFF6
In clock cycle: 4
Register Write to Reg: 0x08 Val: 0xFFFFFFEF
Arithmetic Overflow Detected
In clock cycle: 5
Register Write to Reg: 0x09 Val: 0xFFFFFFEC
In clock cycle: 6
Register Write to Reg: 0x08 Val: 0xFFFFFFDB
Arithmetic Overflow Detected
In clock cycle: 7
Register Write to Reg: 0x0A Val: 0xFFFFFFD8
In clock cycle: 8
Register Write to Reg: 0x08 Val: 0xFFFFFFB3
Arithmetic Overflow Detected
In clock cycle: 9
Register Write to Reg: 0x09 Val: 0xFFFFFFB0
In clock cycle: 10
Register Write to Reg: 0x08 Val: 0xFFFFFF63
Arithmetic Overflow Detected
Execution is stopping! Clock Cycle: 11
