Warning in /home/connero/cpre381-project-1/proj/mips/sub_8.s line 3 column 5: MARS does not recognize the .globlmain directive.  Ignored.

[inst #1] sub $1,$0,$11
Register Write to Reg: 0x01 Val: 0x00000000
[inst #2] sub $2,$0,$12
Register Write to Reg: 0x02 Val: 0x00000000
[inst #3] sub $3,$0,$13
Register Write to Reg: 0x03 Val: 0x00000000
[inst #4] sub $4,$0,$14
Register Write to Reg: 0x04 Val: 0x00000000
[inst #5] sub $5,$0,$15
Register Write to Reg: 0x05 Val: 0x00000000
[inst #6] sub $6,$0,$16
Register Write to Reg: 0x06 Val: 0x00000000
[inst #7] sub $7,$0,$17
Register Write to Reg: 0x07 Val: 0x00000000
[inst #8] sub $8,$0,$18
Register Write to Reg: 0x08 Val: 0x00000000
[inst #9] sub $9,$0,$19
Register Write to Reg: 0x09 Val: 0x00000000
[inst #10] sub $10,$0,$20
Register Write to Reg: 0x0A Val: 0x00000000
[inst #11] sub $11,$11,$1
Register Write to Reg: 0x0B Val: 0x00000000
[inst #12] sub $12,$12,$2
Register Write to Reg: 0x0C Val: 0x00000000
[inst #13] sub $13,$13,$3
Register Write to Reg: 0x0D Val: 0x00000000
[inst #14] sub $14,$14,$4
Register Write to Reg: 0x0E Val: 0x00000000
[inst #15] sub $15,$15,$5
Register Write to Reg: 0x0F Val: 0x00000000
[inst #16] sub $16,$16,$6
Register Write to Reg: 0x10 Val: 0x00000000
[inst #17] sub $17,$17,$7
Register Write to Reg: 0x11 Val: 0x00000000
[inst #18] sub $18,$18,$8
Register Write to Reg: 0x12 Val: 0x00000000
[inst #19] sub $19,$19,$9
Register Write to Reg: 0x13 Val: 0x00000000
[inst #20] sub $20,$20,$10
Register Write to Reg: 0x14 Val: 0x00000000
[inst #21] sub $21,$1,$11
Register Write to Reg: 0x15 Val: 0x00000000
[inst #22] sub $22,$2,$12
Register Write to Reg: 0x16 Val: 0x00000000
[inst #23] sub $23,$3,$13
Register Write to Reg: 0x17 Val: 0x00000000
[inst #24] sub $24,$4,$14
Register Write to Reg: 0x18 Val: 0x00000000
[inst #25] sub $25,$5,$15
Register Write to Reg: 0x19 Val: 0x00000000
[inst #26] sub $26,$6,$16
Register Write to Reg: 0x1A Val: 0x00000000
[inst #27] sub $27,$7,$17
Register Write to Reg: 0x1B Val: 0x00000000
[inst #28] sub $28,$8,$18
Register Write to Reg: 0x1C Val: 0x00000000
[inst #29] sub $29,$9,$19
Register Write to Reg: 0x1D Val: 0x00000000
[inst #30] sub $30,$10,$20
Register Write to Reg: 0x1E Val: 0x00000000
[inst #31] sub $31,$11,$21
Register Write to Reg: 0x1F Val: 0x00000000
[inst #32] halt 

