In clock cycle: 0
Register Write to Reg: 0x01 Val: 0x00000011
In clock cycle: 1
Register Write to Reg: 0x01 Val: 0xFFFFFFFF
In clock cycle: 2
Register Write to Reg: 0x01 Val: 0x0000000B
Arithmetic Overflow Detected
In clock cycle: 3
Register Write to Reg: 0x02 Val: 0xFFFFFFFF
In clock cycle: 4
Register Write to Reg: 0x00 Val: 0x00000001
Arithmetic Overflow Detected
In clock cycle: 5
Register Write to Reg: 0x03 Val: 0x00000002
In clock cycle: 6
Register Write to Reg: 0x03 Val: 0xFFFFFFFF
Arithmetic Overflow Detected
In clock cycle: 7
Register Write to Reg: 0x03 Val: 0x00000000
In clock cycle: 8
Register Write to Reg: 0x03 Val: 0xFFFFFFFF
In clock cycle: 9
Register Write to Reg: 0x03 Val: 0x00000035
Arithmetic Overflow Detected
In clock cycle: 10
Register Write to Reg: 0x03 Val: 0x00000000
In clock cycle: 11
Register Write to Reg: 0x03 Val: 0x00000000
In clock cycle: 12
Register Write to Reg: 0x03 Val: 0x00000016
In clock cycle: 13
Register Write to Reg: 0x03 Val: 0xFFFFFFFF
Execution is stopping! Clock Cycle: 14
