Warning in /home/connero/cpre381-project-1/proj/mips/andi_1.s line 4 column 5: MARS does not recognize the .globlmain directive.  Ignored.

[inst #1] addi $8,$0,20
Register Write to Reg: 0x08 Val: 0x00000014
[inst #2] addi $9,$0,500
Register Write to Reg: 0x09 Val: 0x000001F4
[inst #3] addi $10,$0,-20
Register Write to Reg: 0x0A Val: 0xFFFFFFEC
[inst #4] addi $11,$0,-200
Register Write to Reg: 0x0B Val: 0xFFFFFF38
[inst #5] andi $12,$8,0
Register Write to Reg: 0x0C Val: 0x00000000
[inst #6] andi $13,$9,0
Register Write to Reg: 0x0D Val: 0x00000000
[inst #7] andi $14,$10,0
Register Write to Reg: 0x0E Val: 0x00000000
[inst #8] andi $15,$11,0
Register Write to Reg: 0x0F Val: 0x00000000
[inst #9] andi $8,$8,0
Register Write to Reg: 0x08 Val: 0x00000000
[inst #10] andi $9,$9,0
Register Write to Reg: 0x09 Val: 0x00000000
[inst #11] andi $10,$10,0
Register Write to Reg: 0x0A Val: 0x00000000
[inst #12] andi $11,$11,0
Register Write to Reg: 0x0B Val: 0x00000000
[inst #13] halt 

