Warning in /home/connero/cpre381-project-1/proj/mips/sra_08.s line 3 column 5: MARS does not recognize the .globlmain directive.  Ignored.

[inst #1] lui $8,65535
Register Write to Reg: 0x08 Val: 0xFFFF0000
[inst #2] lui $1,0
Register Write to Reg: 0x01 Val: 0x00000000
[inst #3] ori $1,$1,65535
Register Write to Reg: 0x01 Val: 0x0000FFFF
[inst #4] add $8,$8,$1
Register Write to Reg: 0x08 Val: 0xFFFFFFFF
[inst #5] sra $8,$8,31
Register Write to Reg: 0x08 Val: 0xFFFFFFFF
[inst #6] lui $8,0
Register Write to Reg: 0x08 Val: 0x00000000
[inst #7] sra $8,$8,31
Register Write to Reg: 0x08 Val: 0x00000000
[inst #8] lui $8,32767
Register Write to Reg: 0x08 Val: 0x7FFF0000
[inst #9] lui $1,0
Register Write to Reg: 0x01 Val: 0x00000000
[inst #10] ori $1,$1,65535
Register Write to Reg: 0x01 Val: 0x0000FFFF
[inst #11] add $8,$8,$1
Register Write to Reg: 0x08 Val: 0x7FFFFFFF
[inst #12] sra $8,$8,31
Register Write to Reg: 0x08 Val: 0x00000000
[inst #13] lui $8,36863
Register Write to Reg: 0x08 Val: 0x8FFF0000
[inst #14] lui $1,0
Register Write to Reg: 0x01 Val: 0x00000000
[inst #15] ori $1,$1,65535
Register Write to Reg: 0x01 Val: 0x0000FFFF
[inst #16] add $8,$8,$1
Register Write to Reg: 0x08 Val: 0x8FFFFFFF
[inst #17] sra $8,$8,11
Register Write to Reg: 0x08 Val: 0xFFF1FFFF
[inst #18] lui $8,0
Register Write to Reg: 0x08 Val: 0x00000000
[inst #19] sra $8,$8,0
Register Write to Reg: 0x08 Val: 0x00000000
[inst #20] lui $8,0
Register Write to Reg: 0x08 Val: 0x00000000
[inst #21] sra $8,$8,15
Register Write to Reg: 0x08 Val: 0x00000000
[inst #22] lui $8,32767
Register Write to Reg: 0x08 Val: 0x7FFF0000
[inst #23] lui $1,0
Register Write to Reg: 0x01 Val: 0x00000000
[inst #24] ori $1,$1,65535
Register Write to Reg: 0x01 Val: 0x0000FFFF
[inst #25] add $8,$8,$1
Register Write to Reg: 0x08 Val: 0x7FFFFFFF
[inst #26] sra $8,$8,15
Register Write to Reg: 0x08 Val: 0x0000FFFF
[inst #27] halt 

