In clock cycle: 0
Register Write to Reg: 0x08 Val: 0xFFFFFFFF
In clock cycle: 1
Register Write to Reg: 0x01 Val: 0x00000000
In clock cycle: 2
Register Write to Reg: 0x01 Val: 0xFFFF0001
In clock cycle: 3
Register Write to Reg: 0x08 Val: 0xFFFF0001
Arithmetic Overflow Detected
In clock cycle: 4
Register Write to Reg: 0x08 Val: 0x80000000
In clock cycle: 5
Register Write to Reg: 0x08 Val: 0x00000000
In clock cycle: 6
Register Write to Reg: 0x08 Val: 0x00000000
In clock cycle: 7
Register Write to Reg: 0x08 Val: 0x00007FFF
In clock cycle: 8
Register Write to Reg: 0x01 Val: 0x00000000
In clock cycle: 9
Register Write to Reg: 0x01 Val: 0xFFFF0001
In clock cycle: 10
Register Write to Reg: 0x08 Val: 0xFFFF0001
In clock cycle: 11
Register Write to Reg: 0x08 Val: 0x80000000
In clock cycle: 12
Register Write to Reg: 0x08 Val: 0xFFFF8FFF
In clock cycle: 13
Register Write to Reg: 0x01 Val: 0x00000000
In clock cycle: 14
Register Write to Reg: 0x01 Val: 0xFFFF0001
In clock cycle: 15
Register Write to Reg: 0x08 Val: 0xFFFF0001
Arithmetic Overflow Detected
In clock cycle: 16
Register Write to Reg: 0x08 Val: 0xF8000800
In clock cycle: 17
Register Write to Reg: 0x08 Val: 0x00000000
In clock cycle: 18
Register Write to Reg: 0x08 Val: 0x00000000
In clock cycle: 19
Register Write to Reg: 0x08 Val: 0x00000000
In clock cycle: 20
Register Write to Reg: 0x08 Val: 0x00000000
In clock cycle: 21
Register Write to Reg: 0x08 Val: 0x00007FFF
In clock cycle: 22
Register Write to Reg: 0x01 Val: 0x00000000
In clock cycle: 23
Register Write to Reg: 0x01 Val: 0xFFFF0001
In clock cycle: 24
Register Write to Reg: 0x08 Val: 0xFFFF0001
In clock cycle: 25
Register Write to Reg: 0x08 Val: 0x80008000
Execution is stopping! Clock Cycle: 26
