In clock cycle: 0
Register Write to Reg: 0x11 Val: 0x00000006
In clock cycle: 1
Register Write to Reg: 0x11 Val: 0x00010005
In clock cycle: 2
Register Write to Reg: 0x01 Val: 0x00000000
In clock cycle: 3
Register Write to Reg: 0x01 Val: 0xFFFF0001
In clock cycle: 4
Register Write to Reg: 0x11 Val: 0xFFFF0001
In clock cycle: 5
Register Write to Reg: 0x11 Val: 0x00000000
Arithmetic Overflow Detected
In clock cycle: 6
Register Write to Reg: 0x01 Val: 0x00000000
In clock cycle: 7
Register Write to Reg: 0x01 Val: 0xFFFF0001
In clock cycle: 8
Register Write to Reg: 0x11 Val: 0xFFFF0001
In clock cycle: 9
Register Write to Reg: 0x11 Val: 0xFFFFFFFF
In clock cycle: 10
Register Write to Reg: 0x11 Val: 0x0000FFFE
Arithmetic Overflow Detected
In clock cycle: 11
Register Write to Reg: 0x11 Val: 0x00000012
In clock cycle: 12
Register Write to Reg: 0x11 Val: 0x0000055F
In clock cycle: 13
Register Write to Reg: 0x11 Val: 0x0001055E
In clock cycle: 14
Register Write to Reg: 0x01 Val: 0x00000000
In clock cycle: 15
Register Write to Reg: 0x01 Val: 0xFFFF0001
In clock cycle: 16
Register Write to Reg: 0x11 Val: 0xFFFF0001
In clock cycle: 17
Register Write to Reg: 0x11 Val: 0xFFFFFFFF
In clock cycle: 18
Register Write to Reg: 0x11 Val: 0x00000122
Arithmetic Overflow Detected
In clock cycle: 19
Register Write to Reg: 0x09 Val: 0x0000FFFF
In clock cycle: 20
Register Write to Reg: 0x09 Val: 0x0001FFFE
In clock cycle: 21
Register Write to Reg: 0x09 Val: 0x00000000
In clock cycle: 22
Register Write to Reg: 0x09 Val: 0x00010121
Execution is stopping! Clock Cycle: 23
