In clock cycle: 0
Register Write to Reg: 0x01 Val: 0xFFFFFFFF
In clock cycle: 1
Register Write to Reg: 0x01 Val: 0x00000000
Arithmetic Overflow Detected
In clock cycle: 2
Register Write to Reg: 0x02 Val: 0xFFFFFFFF
In clock cycle: 3
Register Write to Reg: 0x02 Val: 0x00000001
Arithmetic Overflow Detected
In clock cycle: 4
Register Write to Reg: 0x03 Val: 0xFFFFFFFF
In clock cycle: 5
Register Write to Reg: 0x03 Val: 0x00000002
Arithmetic Overflow Detected
In clock cycle: 6
Register Write to Reg: 0x04 Val: 0xFFFFFFFF
In clock cycle: 7
Register Write to Reg: 0x04 Val: 0x00000003
Arithmetic Overflow Detected
In clock cycle: 8
Register Write to Reg: 0x05 Val: 0xFFFFFFFF
In clock cycle: 9
Register Write to Reg: 0x05 Val: 0x00000004
Arithmetic Overflow Detected
In clock cycle: 10
Register Write to Reg: 0x06 Val: 0xFFFFFFFF
In clock cycle: 11
Register Write to Reg: 0x06 Val: 0x00000005
Arithmetic Overflow Detected
In clock cycle: 12
Register Write to Reg: 0x07 Val: 0xFFFFFFFF
In clock cycle: 13
Register Write to Reg: 0x07 Val: 0x00000006
Arithmetic Overflow Detected
In clock cycle: 14
Register Write to Reg: 0x08 Val: 0xFFFFFFFF
In clock cycle: 15
Register Write to Reg: 0x08 Val: 0x00000007
Arithmetic Overflow Detected
In clock cycle: 16
Register Write to Reg: 0x09 Val: 0xFFFFFFFF
In clock cycle: 17
Register Write to Reg: 0x09 Val: 0x00000008
Arithmetic Overflow Detected
In clock cycle: 18
Register Write to Reg: 0x0A Val: 0xFFFFFFFF
In clock cycle: 19
Register Write to Reg: 0x0A Val: 0x00000009
Arithmetic Overflow Detected
In clock cycle: 20
Register Write to Reg: 0x0B Val: 0xFFFFFFFF
In clock cycle: 21
Register Write to Reg: 0x0B Val: 0x0000000A
Arithmetic Overflow Detected
In clock cycle: 22
Register Write to Reg: 0x0C Val: 0xFFFFFFFF
In clock cycle: 23
Register Write to Reg: 0x0C Val: 0x0000000B
Arithmetic Overflow Detected
In clock cycle: 24
Register Write to Reg: 0x0D Val: 0xFFFFFFFF
In clock cycle: 25
Register Write to Reg: 0x0D Val: 0x0000000C
Arithmetic Overflow Detected
In clock cycle: 26
Register Write to Reg: 0x0E Val: 0xFFFFFFFF
In clock cycle: 27
Register Write to Reg: 0x0E Val: 0x0000000D
Arithmetic Overflow Detected
In clock cycle: 28
Register Write to Reg: 0x0F Val: 0xFFFFFFFF
In clock cycle: 29
Register Write to Reg: 0x0F Val: 0x0000000E
Arithmetic Overflow Detected
In clock cycle: 30
Register Write to Reg: 0x10 Val: 0xFFFFFFFF
In clock cycle: 31
Register Write to Reg: 0x10 Val: 0x0000000F
Arithmetic Overflow Detected
In clock cycle: 32
Register Write to Reg: 0x11 Val: 0xFFFFFFFF
In clock cycle: 33
Register Write to Reg: 0x11 Val: 0x00000010
Arithmetic Overflow Detected
In clock cycle: 34
Register Write to Reg: 0x12 Val: 0xFFFFFFFF
In clock cycle: 35
Register Write to Reg: 0x12 Val: 0x00000011
Arithmetic Overflow Detected
In clock cycle: 36
Register Write to Reg: 0x13 Val: 0xFFFFFFFF
In clock cycle: 37
Register Write to Reg: 0x13 Val: 0x00000012
Arithmetic Overflow Detected
In clock cycle: 38
Register Write to Reg: 0x14 Val: 0xFFFFFFFF
In clock cycle: 39
Register Write to Reg: 0x14 Val: 0x00000013
Arithmetic Overflow Detected
In clock cycle: 40
Register Write to Reg: 0x15 Val: 0xFFFFFFFF
In clock cycle: 41
Register Write to Reg: 0x15 Val: 0x00000014
Arithmetic Overflow Detected
In clock cycle: 42
Register Write to Reg: 0x16 Val: 0xFFFFFFFF
In clock cycle: 43
Register Write to Reg: 0x16 Val: 0x00000015
Arithmetic Overflow Detected
In clock cycle: 44
Register Write to Reg: 0x17 Val: 0xFFFFFFFF
In clock cycle: 45
Register Write to Reg: 0x17 Val: 0x00000016
Arithmetic Overflow Detected
In clock cycle: 46
Register Write to Reg: 0x18 Val: 0xFFFFFFFF
In clock cycle: 47
Register Write to Reg: 0x18 Val: 0x00000017
Arithmetic Overflow Detected
In clock cycle: 48
Register Write to Reg: 0x19 Val: 0xFFFFFFFF
In clock cycle: 49
Register Write to Reg: 0x19 Val: 0x00000018
Arithmetic Overflow Detected
In clock cycle: 50
Register Write to Reg: 0x1A Val: 0xFFFFFFFF
In clock cycle: 51
Register Write to Reg: 0x1A Val: 0x00000019
Arithmetic Overflow Detected
In clock cycle: 52
Register Write to Reg: 0x1B Val: 0xFFFFFFFF
In clock cycle: 53
Register Write to Reg: 0x1B Val: 0x0000001A
Arithmetic Overflow Detected
In clock cycle: 54
Register Write to Reg: 0x1C Val: 0xFFFFFFFF
In clock cycle: 55
Register Write to Reg: 0x1C Val: 0x0000001B
Arithmetic Overflow Detected
In clock cycle: 56
Register Write to Reg: 0x1D Val: 0xFFFFFFFF
In clock cycle: 57
Register Write to Reg: 0x1D Val: 0x0000001C
Arithmetic Overflow Detected
In clock cycle: 58
Register Write to Reg: 0x1E Val: 0xFFFFFFFF
In clock cycle: 59
Register Write to Reg: 0x1E Val: 0x0000001D
Arithmetic Overflow Detected
In clock cycle: 60
Register Write to Reg: 0x1F Val: 0xFFFFFFFF
In clock cycle: 61
Register Write to Reg: 0x1F Val: 0x0000001E
Arithmetic Overflow Detected
Execution is stopping! Clock Cycle: 62
