[inst #1] addi $1,$0,1
Register Write to Reg: 0x01 Val: 0x00000001
[inst #2] addi $2,$0,2
Register Write to Reg: 0x02 Val: 0x00000002
[inst #3] addu $1,$1,$1
Register Write to Reg: 0x01 Val: 0x00000002
[inst #4] addu $2,$1,$2
Register Write to Reg: 0x02 Val: 0x00000004
[inst #5] addu $3,$1,$2
Register Write to Reg: 0x03 Val: 0x00000006
[inst #6] addu $4,$1,$3
Register Write to Reg: 0x04 Val: 0x00000008
[inst #7] addu $5,$1,$4
Register Write to Reg: 0x05 Val: 0x0000000A
[inst #8] addu $6,$1,$5
Register Write to Reg: 0x06 Val: 0x0000000C
[inst #9] addu $7,$1,$6
Register Write to Reg: 0x07 Val: 0x0000000E
[inst #10] addu $8,$1,$7
Register Write to Reg: 0x08 Val: 0x00000010
[inst #11] addu $9,$1,$8
Register Write to Reg: 0x09 Val: 0x00000012
[inst #12] addu $10,$1,$9
Register Write to Reg: 0x0A Val: 0x00000014
[inst #13] addu $11,$1,$10
Register Write to Reg: 0x0B Val: 0x00000016
[inst #14] addu $12,$1,$11
Register Write to Reg: 0x0C Val: 0x00000018
[inst #15] addu $13,$1,$12
Register Write to Reg: 0x0D Val: 0x0000001A
[inst #16] addu $14,$1,$13
Register Write to Reg: 0x0E Val: 0x0000001C
[inst #17] addu $15,$1,$14
Register Write to Reg: 0x0F Val: 0x0000001E
[inst #18] addu $16,$1,$15
Register Write to Reg: 0x10 Val: 0x00000020
[inst #19] addu $17,$1,$16
Register Write to Reg: 0x11 Val: 0x00000022
[inst #20] addu $18,$1,$17
Register Write to Reg: 0x12 Val: 0x00000024
[inst #21] addu $19,$1,$18
Register Write to Reg: 0x13 Val: 0x00000026
[inst #22] addu $20,$1,$19
Register Write to Reg: 0x14 Val: 0x00000028
[inst #23] addu $21,$1,$20
Register Write to Reg: 0x15 Val: 0x0000002A
[inst #24] addu $22,$1,$21
Register Write to Reg: 0x16 Val: 0x0000002C
[inst #25] addu $23,$1,$22
Register Write to Reg: 0x17 Val: 0x0000002E
[inst #26] addu $24,$1,$23
Register Write to Reg: 0x18 Val: 0x00000030
[inst #27] addu $25,$1,$24
Register Write to Reg: 0x19 Val: 0x00000032
[inst #28] addu $26,$1,$25
Register Write to Reg: 0x1A Val: 0x00000034
[inst #29] addu $27,$1,$26
Register Write to Reg: 0x1B Val: 0x00000036
[inst #30] addu $28,$1,$27
Register Write to Reg: 0x1C Val: 0x00000038
[inst #31] addu $29,$1,$28
Register Write to Reg: 0x1D Val: 0x0000003A
[inst #32] addu $30,$1,$29
Register Write to Reg: 0x1E Val: 0x0000003C
[inst #33] addu $31,$1,$30
Register Write to Reg: 0x1F Val: 0x0000003E
[inst #34] halt 

