Warning in /home/connero/cpre381-project-1/proj/mips/nor_6.s line 3 column 5: MARS does not recognize the .globlmain directive.  Ignored.

[inst #1] lui $1,0
Register Write to Reg: 0x01 Val: 0x00000000
[inst #2] ori $1,$1,65280
Register Write to Reg: 0x01 Val: 0x0000FF00
[inst #3] add $8,$0,$1
Register Write to Reg: 0x08 Val: 0x0000FF00
[inst #4] addi $9,$0,255
Register Write to Reg: 0x09 Val: 0x000000FF
[inst #5] nor $10,$8,$9
Register Write to Reg: 0x0A Val: 0xFFFF0000
[inst #6] lui $8,65535
Register Write to Reg: 0x08 Val: 0xFFFF0000
[inst #7] nor $11,$8,$10
Register Write to Reg: 0x0B Val: 0x0000FFFF
[inst #8] nor $12,$8,$11
Register Write to Reg: 0x0C Val: 0x00000000
[inst #9] addi $9,$0,1
Register Write to Reg: 0x09 Val: 0x00000001
[inst #10] nor $12,$9,$11
Register Write to Reg: 0x0C Val: 0xFFFF0000
[inst #11] addi $9,$0,2
Register Write to Reg: 0x09 Val: 0x00000002
[inst #12] nor $12,$9,$11
Register Write to Reg: 0x0C Val: 0xFFFF0000
[inst #13] addi $9,$0,3
Register Write to Reg: 0x09 Val: 0x00000003
[inst #14] nor $12,$9,$11
Register Write to Reg: 0x0C Val: 0xFFFF0000
[inst #15] addi $9,$0,130
Register Write to Reg: 0x09 Val: 0x00000082
[inst #16] nor $12,$9,$11
Register Write to Reg: 0x0C Val: 0xFFFF0000
[inst #17] halt 

