In clock cycle: 0
Register Write to Reg: 0x09 Val: 0x000000FF
In clock cycle: 1
Register Write to Reg: 0x09 Val: 0x00FF0000
In clock cycle: 2
Register Write to Reg: 0x01 Val: 0x00000000
In clock cycle: 3
Register Write to Reg: 0x01 Val: 0xFFFF0001
In clock cycle: 4
Register Write to Reg: 0x09 Val: 0xFFFF0001
In clock cycle: 5
Register Write to Reg: 0x09 Val: 0x00010000
In clock cycle: 6
Register Write to Reg: 0x01 Val: 0x00000000
In clock cycle: 7
Register Write to Reg: 0x01 Val: 0xFFFF0002
In clock cycle: 8
Register Write to Reg: 0x09 Val: 0xFFFF0002
In clock cycle: 9
Register Write to Reg: 0x09 Val: 0x00000000
In clock cycle: 10
Register Write to Reg: 0x01 Val: 0x00000000
In clock cycle: 11
Register Write to Reg: 0x01 Val: 0xFFFF0001
In clock cycle: 12
Register Write to Reg: 0x09 Val: 0xFFFF0001
In clock cycle: 13
Register Write to Reg: 0x09 Val: 0xFFFF0001
In clock cycle: 14
Register Write to Reg: 0x09 Val: 0x000003F3
In clock cycle: 15
Register Write to Reg: 0x09 Val: 0x00003F30
In clock cycle: 16
Register Write to Reg: 0x09 Val: 0x00000100
In clock cycle: 17
Register Write to Reg: 0x09 Val: 0x00004000
Execution is stopping! Clock Cycle: 18
