[inst #1] addi $1,$0,1
Register Write to Reg: 0x01 Val: 0x00000001
[inst #2] add $1,$1,$1
Register Write to Reg: 0x01 Val: 0x00000002
[inst #3] add $2,$1,$1
Register Write to Reg: 0x02 Val: 0x00000004
[inst #4] add $3,$2,$2
Register Write to Reg: 0x03 Val: 0x00000008
[inst #5] add $4,$3,$3
Register Write to Reg: 0x04 Val: 0x00000010
[inst #6] add $5,$4,$4
Register Write to Reg: 0x05 Val: 0x00000020
[inst #7] add $6,$5,$5
Register Write to Reg: 0x06 Val: 0x00000040
[inst #8] add $7,$6,$6
Register Write to Reg: 0x07 Val: 0x00000080
[inst #9] add $8,$7,$7
Register Write to Reg: 0x08 Val: 0x00000100
[inst #10] add $9,$8,$8
Register Write to Reg: 0x09 Val: 0x00000200
[inst #11] add $10,$9,$9
Register Write to Reg: 0x0A Val: 0x00000400
[inst #12] add $11,$10,$10
Register Write to Reg: 0x0B Val: 0x00000800
[inst #13] add $12,$11,$11
Register Write to Reg: 0x0C Val: 0x00001000
[inst #14] add $13,$12,$12
Register Write to Reg: 0x0D Val: 0x00002000
[inst #15] add $14,$13,$13
Register Write to Reg: 0x0E Val: 0x00004000
[inst #16] add $15,$14,$14
Register Write to Reg: 0x0F Val: 0x00008000
[inst #17] add $16,$15,$15
Register Write to Reg: 0x10 Val: 0x00010000
[inst #18] add $17,$16,$16
Register Write to Reg: 0x11 Val: 0x00020000
[inst #19] add $18,$17,$17
Register Write to Reg: 0x12 Val: 0x00040000
[inst #20] add $19,$18,$18
Register Write to Reg: 0x13 Val: 0x00080000
[inst #21] add $20,$19,$19
Register Write to Reg: 0x14 Val: 0x00100000
[inst #22] add $21,$20,$20
Register Write to Reg: 0x15 Val: 0x00200000
[inst #23] add $22,$21,$21
Register Write to Reg: 0x16 Val: 0x00400000
[inst #24] add $23,$22,$22
Register Write to Reg: 0x17 Val: 0x00800000
[inst #25] add $24,$23,$23
Register Write to Reg: 0x18 Val: 0x01000000
[inst #26] add $25,$24,$24
Register Write to Reg: 0x19 Val: 0x02000000
[inst #27] add $26,$25,$25
Register Write to Reg: 0x1A Val: 0x04000000
[inst #28] add $27,$26,$26
Register Write to Reg: 0x1B Val: 0x08000000
[inst #29] add $28,$27,$27
Register Write to Reg: 0x1C Val: 0x10000000
[inst #30] add $29,$28,$28
Register Write to Reg: 0x1D Val: 0x20000000
[inst #31] add $30,$29,$29
Register Write to Reg: 0x1E Val: 0x40000000
[inst #32] add $31,$30,$30
Register Write to Reg: 0x1F Val: 0x80000000
Arithmetic Overflow Detected
[inst #33] halt 

