Warning in /home/connero/cpre381-project-1/proj/mips/jr_3.s line 3 column 5: MARS does not recognize the .globlmain directive.  Ignored.

[inst #1] jal 4194308
Register Write to Reg: 0x1F Val: 0x00400004
[inst #2] addi $8,$31,60
Register Write to Reg: 0x08 Val: 0x00400040
[inst #3] addi $1,$0,4
Register Write to Reg: 0x01 Val: 0x00000004
[inst #4] sub $9,$8,$1
Register Write to Reg: 0x09 Val: 0x0040003C
[inst #5] addi $1,$0,4
Register Write to Reg: 0x01 Val: 0x00000004
[inst #6] sub $10,$9,$1
Register Write to Reg: 0x0A Val: 0x00400038
[inst #7] addi $1,$0,4
Register Write to Reg: 0x01 Val: 0x00000004
[inst #8] sub $11,$10,$1
Register Write to Reg: 0x0B Val: 0x00400034
[inst #9] addi $1,$0,8
Register Write to Reg: 0x01 Val: 0x00000008
[inst #10] sub $12,$11,$1
Register Write to Reg: 0x0C Val: 0x0040002C
[inst #11] jal 4194372
Register Write to Reg: 0x1F Val: 0x0040002C
[inst #12] jr $8
[inst #13] jr $9
[inst #14] jr $10
[inst #15] jr $11
[inst #16] jr $12
[inst #17] addi $25,$0,1
Register Write to Reg: 0x19 Val: 0x00000001
[inst #18] beq $0,$0,5
[inst #19] halt 

