In clock cycle: 0
Register Write to Reg: 0x08 Val: 0x00000000
In clock cycle: 1
Register Write to Reg: 0x08 Val: 0xFFFFFFFF
In clock cycle: 2
Register Write to Reg: 0x08 Val: 0x00000000
In clock cycle: 3
Register Write to Reg: 0x09 Val: 0xFFFFCD14
In clock cycle: 4
Register Write to Reg: 0x0A Val: 0x00007FFF
In clock cycle: 5
Register Write to Reg: 0x0B Val: 0x00004444
In clock cycle: 6
Register Write to Reg: 0x0C Val: 0xFFFFABCD
In clock cycle: 7
Register Write to Reg: 0x0D Val: 0x00000381
In clock cycle: 8
Register Write to Reg: 0x0E Val: 0x00001FFF
In clock cycle: 9
Register Write to Reg: 0x0F Val: 0xFFFF8463
In clock cycle: 10
Register Write to Reg: 0x18 Val: 0x00000FFF
In clock cycle: 11
Register Write to Reg: 0x19 Val: 0x00000000
In clock cycle: 12
Register Write to Reg: 0x08 Val: 0x00000001
In clock cycle: 13
Register Write to Reg: 0x08 Val: 0x00000021
In clock cycle: 14
Register Write to Reg: 0x08 Val: 0xFFFFFFFF
In clock cycle: 15
Register Write to Reg: 0x01 Val: 0x00000000
In clock cycle: 16
Register Write to Reg: 0x01 Val: 0xFFFF0001
In clock cycle: 17
Register Write to Reg: 0x08 Val: 0xFFFF0001
Arithmetic Overflow Detected
In clock cycle: 18
Register Write to Reg: 0x08 Val: 0xFFFFFFFF
In clock cycle: 19
Register Write to Reg: 0x01 Val: 0x00000001
In clock cycle: 20
Register Write to Reg: 0x01 Val: 0x00000001
Arithmetic Overflow Detected
In clock cycle: 21
Register Write to Reg: 0x08 Val: 0x00000001
Arithmetic Overflow Detected
In clock cycle: 22
Register Write to Reg: 0x08 Val: 0x00000000
Execution is stopping! Clock Cycle: 23
