[inst #1] addi $1,$0,1
Register Write to Reg: 0x01 Val: 0x00000001
[inst #2] addi $2,$0,2
Register Write to Reg: 0x02 Val: 0x00000002
[inst #3] addi $3,$0,3
Register Write to Reg: 0x03 Val: 0x00000003
[inst #4] addi $4,$0,4
Register Write to Reg: 0x04 Val: 0x00000004
[inst #5] addi $5,$0,5
Register Write to Reg: 0x05 Val: 0x00000005
[inst #6] addi $6,$0,6
Register Write to Reg: 0x06 Val: 0x00000006
[inst #7] addi $7,$0,7
Register Write to Reg: 0x07 Val: 0x00000007
[inst #8] addi $8,$0,8
Register Write to Reg: 0x08 Val: 0x00000008
[inst #9] addi $9,$0,9
Register Write to Reg: 0x09 Val: 0x00000009
[inst #10] addi $10,$0,10
Register Write to Reg: 0x0A Val: 0x0000000A
[inst #11] add $1,$1,$2
Register Write to Reg: 0x01 Val: 0x00000003
[inst #12] add $2,$2,$3
Register Write to Reg: 0x02 Val: 0x00000005
[inst #13] add $3,$3,$4
Register Write to Reg: 0x03 Val: 0x00000007
[inst #14] add $4,$4,$5
Register Write to Reg: 0x04 Val: 0x00000009
[inst #15] add $5,$5,$6
Register Write to Reg: 0x05 Val: 0x0000000B
[inst #16] add $6,$6,$7
Register Write to Reg: 0x06 Val: 0x0000000D
[inst #17] add $7,$7,$8
Register Write to Reg: 0x07 Val: 0x0000000F
[inst #18] add $8,$8,$9
Register Write to Reg: 0x08 Val: 0x00000011
[inst #19] add $9,$9,$10
Register Write to Reg: 0x09 Val: 0x00000013
[inst #20] add $1,$1,$2
Register Write to Reg: 0x01 Val: 0x00000008
[inst #21] add $2,$2,$3
Register Write to Reg: 0x02 Val: 0x0000000C
[inst #22] add $3,$3,$4
Register Write to Reg: 0x03 Val: 0x00000010
[inst #23] add $4,$4,$5
Register Write to Reg: 0x04 Val: 0x00000014
[inst #24] add $5,$5,$6
Register Write to Reg: 0x05 Val: 0x00000018
[inst #25] add $6,$6,$7
Register Write to Reg: 0x06 Val: 0x0000001C
[inst #26] add $7,$7,$8
Register Write to Reg: 0x07 Val: 0x00000020
[inst #27] add $8,$8,$9
Register Write to Reg: 0x08 Val: 0x00000024
[inst #28] add $9,$9,$10
Register Write to Reg: 0x09 Val: 0x0000001D
[inst #29] halt 

