In clock cycle: 0
Register Write to Reg: 0x11 Val: 0x00000006
In clock cycle: 1
Register Write to Reg: 0x11 Val: 0x0000000D
In clock cycle: 2
Register Write to Reg: 0x01 Val: 0x00000000
In clock cycle: 3
Register Write to Reg: 0x01 Val: 0xFFFF0047
In clock cycle: 4
Register Write to Reg: 0x11 Val: 0xFFFF0047
In clock cycle: 5
Register Write to Reg: 0x11 Val: 0xFFFF108C
In clock cycle: 6
Register Write to Reg: 0x11 Val: 0x00000000
In clock cycle: 7
Register Write to Reg: 0x11 Val: 0xFFFFF644
In clock cycle: 8
Register Write to Reg: 0x11 Val: 0x0000D18A
Arithmetic Overflow Detected
In clock cycle: 9
Register Write to Reg: 0x09 Val: 0x00000001
In clock cycle: 10
Register Write to Reg: 0x09 Val: 0x0000F001
In clock cycle: 11
Register Write to Reg: 0x09 Val: 0x00000000
In clock cycle: 12
Register Write to Reg: 0x09 Val: 0x0001D08B
Execution is stopping! Clock Cycle: 13
