In clock cycle: 0
Register Write to Reg: 0x01 Val: 0xFFFF8000
In clock cycle: 1
Register Write to Reg: 0x02 Val: 0x00000FFF
In clock cycle: 2
Register Write to Reg: 0x02 Val: 0xFFFF1000
In clock cycle: 3
Register Write to Reg: 0x03 Val: 0xFFFE9000
Arithmetic Overflow Detected
In clock cycle: 4
Register Write to Reg: 0x02 Val: 0x00007000
In clock cycle: 5
Register Write to Reg: 0x04 Val: 0xFFFF0000
In clock cycle: 6
Register Write to Reg: 0x02 Val: 0x00000001
In clock cycle: 7
Register Write to Reg: 0x05 Val: 0xFFFF0001
In clock cycle: 8
Register Write to Reg: 0x05 Val: 0xFFFF8000
In clock cycle: 9
Register Write to Reg: 0x05 Val: 0xFFFF0000
Arithmetic Overflow Detected
In clock cycle: 10
Register Write to Reg: 0x02 Val: 0xFFFF800F
In clock cycle: 11
Register Write to Reg: 0x02 Val: 0xFFFE900E
Arithmetic Overflow Detected
In clock cycle: 12
Register Write to Reg: 0x05 Val: 0xFFFE100E
Arithmetic Overflow Detected
In clock cycle: 13
Register Write to Reg: 0x05 Val: 0xFFFE100E
Arithmetic Overflow Detected
In clock cycle: 14
Register Write to Reg: 0x06 Val: 0xFFFCA01C
Arithmetic Overflow Detected
In clock cycle: 15
Register Write to Reg: 0x07 Val: 0xFFFB302A
Arithmetic Overflow Detected
Execution is stopping! Clock Cycle: 16
