[inst #1] lui $1,0
Register Write to Reg: 0x01 Val: 0x00000000
[inst #2] ori $1,$1,65535
Register Write to Reg: 0x01 Val: 0x0000FFFF
[inst #3] add $1,$0,$1
Register Write to Reg: 0x01 Val: 0x0000FFFF
[inst #4] sll $2,$1,16
Register Write to Reg: 0x02 Val: 0xFFFF0000
[inst #5] sll $3,$1,16
Register Write to Reg: 0x03 Val: 0xFFFF0000
[inst #6] sll $4,$1,16
Register Write to Reg: 0x04 Val: 0xFFFF0000
[inst #7] sll $5,$1,16
Register Write to Reg: 0x05 Val: 0xFFFF0000
[inst #8] sll $6,$1,16
Register Write to Reg: 0x06 Val: 0xFFFF0000
[inst #9] sll $7,$1,16
Register Write to Reg: 0x07 Val: 0xFFFF0000
[inst #10] sll $8,$1,16
Register Write to Reg: 0x08 Val: 0xFFFF0000
[inst #11] sll $9,$1,16
Register Write to Reg: 0x09 Val: 0xFFFF0000
[inst #12] sll $10,$1,16
Register Write to Reg: 0x0A Val: 0xFFFF0000
[inst #13] sll $11,$1,16
Register Write to Reg: 0x0B Val: 0xFFFF0000
[inst #14] sll $12,$1,16
Register Write to Reg: 0x0C Val: 0xFFFF0000
[inst #15] sll $13,$1,16
Register Write to Reg: 0x0D Val: 0xFFFF0000
[inst #16] sll $14,$1,16
Register Write to Reg: 0x0E Val: 0xFFFF0000
[inst #17] sll $15,$1,16
Register Write to Reg: 0x0F Val: 0xFFFF0000
[inst #18] sll $16,$1,16
Register Write to Reg: 0x10 Val: 0xFFFF0000
[inst #19] sll $17,$1,16
Register Write to Reg: 0x11 Val: 0xFFFF0000
[inst #20] sll $18,$1,16
Register Write to Reg: 0x12 Val: 0xFFFF0000
[inst #21] sll $19,$1,16
Register Write to Reg: 0x13 Val: 0xFFFF0000
[inst #22] sll $20,$1,16
Register Write to Reg: 0x14 Val: 0xFFFF0000
[inst #23] sll $21,$1,16
Register Write to Reg: 0x15 Val: 0xFFFF0000
[inst #24] sll $22,$1,16
Register Write to Reg: 0x16 Val: 0xFFFF0000
[inst #25] sll $23,$1,16
Register Write to Reg: 0x17 Val: 0xFFFF0000
[inst #26] sll $24,$1,16
Register Write to Reg: 0x18 Val: 0xFFFF0000
[inst #27] sll $25,$1,16
Register Write to Reg: 0x19 Val: 0xFFFF0000
[inst #28] sll $26,$1,16
Register Write to Reg: 0x1A Val: 0xFFFF0000
[inst #29] sll $27,$1,16
Register Write to Reg: 0x1B Val: 0xFFFF0000
[inst #30] sll $28,$1,16
Register Write to Reg: 0x1C Val: 0xFFFF0000
[inst #31] sll $29,$1,16
Register Write to Reg: 0x1D Val: 0xFFFF0000
[inst #32] sll $30,$1,16
Register Write to Reg: 0x1E Val: 0xFFFF0000
[inst #33] sll $31,$1,16
Register Write to Reg: 0x1F Val: 0xFFFF0000
[inst #34] halt 

