Warning in /home/connero/cpre381-project-1/proj/mips/j_5.s line 3 column 5: MARS does not recognize the .globlmain directive.  Ignored.

[inst #1] addi $9,$0,8
Register Write to Reg: 0x09 Val: 0x00000008
[inst #2] add $8,$0,$0
Register Write to Reg: 0x08 Val: 0x00000000
[inst #3] beq $8,$9,2
[inst #4] addi $8,$8,1
Register Write to Reg: 0x08 Val: 0x00000001
[inst #5] j 4194312
[inst #6] beq $8,$9,2
[inst #7] addi $8,$8,1
Register Write to Reg: 0x08 Val: 0x00000002
[inst #8] j 4194312
[inst #9] beq $8,$9,2
[inst #10] addi $8,$8,1
Register Write to Reg: 0x08 Val: 0x00000003
[inst #11] j 4194312
[inst #12] beq $8,$9,2
[inst #13] addi $8,$8,1
Register Write to Reg: 0x08 Val: 0x00000004
[inst #14] j 4194312
[inst #15] beq $8,$9,2
[inst #16] addi $8,$8,1
Register Write to Reg: 0x08 Val: 0x00000005
[inst #17] j 4194312
[inst #18] beq $8,$9,2
[inst #19] addi $8,$8,1
Register Write to Reg: 0x08 Val: 0x00000006
[inst #20] j 4194312
[inst #21] beq $8,$9,2
[inst #22] addi $8,$8,1
Register Write to Reg: 0x08 Val: 0x00000007
[inst #23] j 4194312
[inst #24] beq $8,$9,2
[inst #25] addi $8,$8,1
Register Write to Reg: 0x08 Val: 0x00000008
[inst #26] j 4194312
[inst #27] beq $8,$9,2
[inst #28] halt 

