Warning in /home/connero/cpre381-project-1/proj/mips/add_04.s line 3 column 5: MARS does not recognize the .globlmain directive.  Ignored.

[inst #1] lui $1,65280
Register Write to Reg: 0x01 Val: 0xFF000000
[inst #2] addi $1,$1,255
Register Write to Reg: 0x01 Val: 0xFF0000FF
[inst #3] lui $2,255
Register Write to Reg: 0x02 Val: 0x00FF0000
[inst #4] addi $2,$2,3855
Register Write to Reg: 0x02 Val: 0x00FF0F0F
[inst #5] add $3,$1,$2
Register Write to Reg: 0x03 Val: 0xFFFF100E
[inst #6] add $4,$1,$2
Register Write to Reg: 0x04 Val: 0xFFFF100E
[inst #7] add $5,$1,$2
Register Write to Reg: 0x05 Val: 0xFFFF100E
[inst #8] add $6,$1,$2
Register Write to Reg: 0x06 Val: 0xFFFF100E
[inst #9] add $7,$1,$2
Register Write to Reg: 0x07 Val: 0xFFFF100E
[inst #10] add $8,$1,$2
Register Write to Reg: 0x08 Val: 0xFFFF100E
[inst #11] add $9,$1,$2
Register Write to Reg: 0x09 Val: 0xFFFF100E
[inst #12] add $10,$1,$2
Register Write to Reg: 0x0A Val: 0xFFFF100E
[inst #13] add $11,$1,$2
Register Write to Reg: 0x0B Val: 0xFFFF100E
[inst #14] add $12,$1,$2
Register Write to Reg: 0x0C Val: 0xFFFF100E
[inst #15] add $13,$1,$2
Register Write to Reg: 0x0D Val: 0xFFFF100E
[inst #16] add $14,$1,$2
Register Write to Reg: 0x0E Val: 0xFFFF100E
[inst #17] add $15,$1,$2
Register Write to Reg: 0x0F Val: 0xFFFF100E
[inst #18] add $16,$1,$2
Register Write to Reg: 0x10 Val: 0xFFFF100E
[inst #19] add $17,$1,$2
Register Write to Reg: 0x11 Val: 0xFFFF100E
[inst #20] add $18,$1,$2
Register Write to Reg: 0x12 Val: 0xFFFF100E
[inst #21] add $19,$1,$2
Register Write to Reg: 0x13 Val: 0xFFFF100E
[inst #22] add $20,$1,$2
Register Write to Reg: 0x14 Val: 0xFFFF100E
[inst #23] add $21,$1,$2
Register Write to Reg: 0x15 Val: 0xFFFF100E
[inst #24] add $22,$1,$2
Register Write to Reg: 0x16 Val: 0xFFFF100E
[inst #25] add $23,$1,$2
Register Write to Reg: 0x17 Val: 0xFFFF100E
[inst #26] add $24,$1,$2
Register Write to Reg: 0x18 Val: 0xFFFF100E
[inst #27] add $25,$1,$2
Register Write to Reg: 0x19 Val: 0xFFFF100E
[inst #28] add $26,$1,$2
Register Write to Reg: 0x1A Val: 0xFFFF100E
[inst #29] add $27,$1,$2
Register Write to Reg: 0x1B Val: 0xFFFF100E
[inst #30] add $28,$1,$2
Register Write to Reg: 0x1C Val: 0xFFFF100E
[inst #31] add $29,$1,$2
Register Write to Reg: 0x1D Val: 0xFFFF100E
[inst #32] add $30,$1,$2
Register Write to Reg: 0x1E Val: 0xFFFF100E
[inst #33] add $31,$1,$2
Register Write to Reg: 0x1F Val: 0xFFFF100E
[inst #34] halt 

