Warning in /home/connero/cpre381-project-1/proj/mips/xori_12.s line 3 column 5: MARS does not recognize the .globlmain directive.  Ignored.

[inst #1] xori $1,$0,1
Register Write to Reg: 0x01 Val: 0x00000001
[inst #2] xori $2,$0,1
Register Write to Reg: 0x02 Val: 0x00000001
[inst #3] xori $3,$0,1
Register Write to Reg: 0x03 Val: 0x00000001
[inst #4] xori $4,$0,1
Register Write to Reg: 0x04 Val: 0x00000001
[inst #5] xori $5,$0,1
Register Write to Reg: 0x05 Val: 0x00000001
[inst #6] xori $6,$0,1
Register Write to Reg: 0x06 Val: 0x00000001
[inst #7] xori $7,$0,1
Register Write to Reg: 0x07 Val: 0x00000001
[inst #8] xori $8,$0,1
Register Write to Reg: 0x08 Val: 0x00000001
[inst #9] xori $9,$0,1
Register Write to Reg: 0x09 Val: 0x00000001
[inst #10] xori $10,$0,1
Register Write to Reg: 0x0A Val: 0x00000001
[inst #11] xori $11,$0,1
Register Write to Reg: 0x0B Val: 0x00000001
[inst #12] xori $12,$0,1
Register Write to Reg: 0x0C Val: 0x00000001
[inst #13] xori $13,$0,1
Register Write to Reg: 0x0D Val: 0x00000001
[inst #14] xori $14,$0,1
Register Write to Reg: 0x0E Val: 0x00000001
[inst #15] xori $15,$0,1
Register Write to Reg: 0x0F Val: 0x00000001
[inst #16] xori $16,$0,1
Register Write to Reg: 0x10 Val: 0x00000001
[inst #17] xori $17,$0,1
Register Write to Reg: 0x11 Val: 0x00000001
[inst #18] xori $18,$0,1
Register Write to Reg: 0x12 Val: 0x00000001
[inst #19] xori $19,$0,1
Register Write to Reg: 0x13 Val: 0x00000001
[inst #20] xori $20,$0,1
Register Write to Reg: 0x14 Val: 0x00000001
[inst #21] xori $21,$0,1
Register Write to Reg: 0x15 Val: 0x00000001
[inst #22] xori $22,$0,1
Register Write to Reg: 0x16 Val: 0x00000001
[inst #23] xori $23,$0,1
Register Write to Reg: 0x17 Val: 0x00000001
[inst #24] xori $24,$0,1
Register Write to Reg: 0x18 Val: 0x00000001
[inst #25] xori $25,$0,1
Register Write to Reg: 0x19 Val: 0x00000001
[inst #26] xori $26,$0,1
Register Write to Reg: 0x1A Val: 0x00000001
[inst #27] xori $27,$0,1
Register Write to Reg: 0x1B Val: 0x00000001
[inst #28] xori $28,$0,1
Register Write to Reg: 0x1C Val: 0x00000001
[inst #29] xori $29,$0,1
Register Write to Reg: 0x1D Val: 0x00000001
[inst #30] xori $30,$0,1
Register Write to Reg: 0x1E Val: 0x00000001
[inst #31] xori $31,$0,1
Register Write to Reg: 0x1F Val: 0x00000001
[inst #32] xori $1,$1,0
Register Write to Reg: 0x01 Val: 0x00000001
[inst #33] xori $2,$2,0
Register Write to Reg: 0x02 Val: 0x00000001
[inst #34] xori $3,$3,0
Register Write to Reg: 0x03 Val: 0x00000001
[inst #35] xori $4,$4,0
Register Write to Reg: 0x04 Val: 0x00000001
[inst #36] xori $5,$5,0
Register Write to Reg: 0x05 Val: 0x00000001
[inst #37] xori $6,$6,0
Register Write to Reg: 0x06 Val: 0x00000001
[inst #38] xori $7,$7,0
Register Write to Reg: 0x07 Val: 0x00000001
[inst #39] xori $8,$8,0
Register Write to Reg: 0x08 Val: 0x00000001
[inst #40] xori $9,$9,0
Register Write to Reg: 0x09 Val: 0x00000001
[inst #41] xori $10,$10,0
Register Write to Reg: 0x0A Val: 0x00000001
[inst #42] xori $11,$11,0
Register Write to Reg: 0x0B Val: 0x00000001
[inst #43] xori $12,$12,0
Register Write to Reg: 0x0C Val: 0x00000001
[inst #44] xori $13,$13,0
Register Write to Reg: 0x0D Val: 0x00000001
[inst #45] xori $14,$14,0
Register Write to Reg: 0x0E Val: 0x00000001
[inst #46] xori $15,$15,0
Register Write to Reg: 0x0F Val: 0x00000001
[inst #47] xori $16,$16,0
Register Write to Reg: 0x10 Val: 0x00000001
[inst #48] xori $17,$17,0
Register Write to Reg: 0x11 Val: 0x00000001
[inst #49] xori $18,$18,0
Register Write to Reg: 0x12 Val: 0x00000001
[inst #50] xori $19,$19,0
Register Write to Reg: 0x13 Val: 0x00000001
[inst #51] xori $20,$20,0
Register Write to Reg: 0x14 Val: 0x00000001
[inst #52] xori $21,$21,0
Register Write to Reg: 0x15 Val: 0x00000001
[inst #53] xori $22,$22,0
Register Write to Reg: 0x16 Val: 0x00000001
[inst #54] xori $23,$23,0
Register Write to Reg: 0x17 Val: 0x00000001
[inst #55] xori $24,$24,0
Register Write to Reg: 0x18 Val: 0x00000001
[inst #56] xori $25,$25,0
Register Write to Reg: 0x19 Val: 0x00000001
[inst #57] xori $26,$26,0
Register Write to Reg: 0x1A Val: 0x00000001
[inst #58] xori $27,$27,0
Register Write to Reg: 0x1B Val: 0x00000001
[inst #59] xori $28,$28,0
Register Write to Reg: 0x1C Val: 0x00000001
[inst #60] xori $29,$29,0
Register Write to Reg: 0x1D Val: 0x00000001
[inst #61] xori $30,$30,0
Register Write to Reg: 0x1E Val: 0x00000001
[inst #62] xori $31,$31,0
Register Write to Reg: 0x1F Val: 0x00000001
[inst #63] xori $1,$1,1
Register Write to Reg: 0x01 Val: 0x00000000
[inst #64] xori $2,$2,1
Register Write to Reg: 0x02 Val: 0x00000000
[inst #65] xori $3,$3,1
Register Write to Reg: 0x03 Val: 0x00000000
[inst #66] xori $4,$4,1
Register Write to Reg: 0x04 Val: 0x00000000
[inst #67] xori $5,$5,1
Register Write to Reg: 0x05 Val: 0x00000000
[inst #68] xori $6,$6,1
Register Write to Reg: 0x06 Val: 0x00000000
[inst #69] xori $7,$7,1
Register Write to Reg: 0x07 Val: 0x00000000
[inst #70] xori $8,$8,1
Register Write to Reg: 0x08 Val: 0x00000000
[inst #71] xori $9,$9,1
Register Write to Reg: 0x09 Val: 0x00000000
[inst #72] xori $10,$10,1
Register Write to Reg: 0x0A Val: 0x00000000
[inst #73] xori $11,$11,1
Register Write to Reg: 0x0B Val: 0x00000000
[inst #74] xori $12,$12,1
Register Write to Reg: 0x0C Val: 0x00000000
[inst #75] xori $13,$13,1
Register Write to Reg: 0x0D Val: 0x00000000
[inst #76] xori $14,$14,1
Register Write to Reg: 0x0E Val: 0x00000000
[inst #77] xori $15,$15,1
Register Write to Reg: 0x0F Val: 0x00000000
[inst #78] xori $16,$16,1
Register Write to Reg: 0x10 Val: 0x00000000
[inst #79] xori $17,$17,1
Register Write to Reg: 0x11 Val: 0x00000000
[inst #80] xori $18,$18,1
Register Write to Reg: 0x12 Val: 0x00000000
[inst #81] xori $19,$19,1
Register Write to Reg: 0x13 Val: 0x00000000
[inst #82] xori $20,$20,1
Register Write to Reg: 0x14 Val: 0x00000000
[inst #83] xori $21,$21,1
Register Write to Reg: 0x15 Val: 0x00000000
[inst #84] xori $22,$22,1
Register Write to Reg: 0x16 Val: 0x00000000
[inst #85] xori $23,$23,1
Register Write to Reg: 0x17 Val: 0x00000000
[inst #86] xori $24,$24,1
Register Write to Reg: 0x18 Val: 0x00000000
[inst #87] xori $25,$25,1
Register Write to Reg: 0x19 Val: 0x00000000
[inst #88] xori $26,$26,1
Register Write to Reg: 0x1A Val: 0x00000000
[inst #89] xori $27,$27,1
Register Write to Reg: 0x1B Val: 0x00000000
[inst #90] xori $28,$28,1
Register Write to Reg: 0x1C Val: 0x00000000
[inst #91] xori $29,$29,1
Register Write to Reg: 0x1D Val: 0x00000000
[inst #92] xori $30,$30,1
Register Write to Reg: 0x1E Val: 0x00000000
[inst #93] xori $31,$31,1
Register Write to Reg: 0x1F Val: 0x00000000
[inst #94] halt 

