In clock cycle: 0
Register Write to Reg: 0x01 Val: 0x00001001
In clock cycle: 1
Register Write to Reg: 0x01 Val: 0x00001001
Arithmetic Overflow Detected
In clock cycle: 2
Register Write to Reg: 0x19 Val: 0x00001001
In clock cycle: 3
Register Write to Reg: 0x01 Val: 0x0000391A
In clock cycle: 4
Register Write to Reg: 0x01 Val: 0xFFFF3C3C
In clock cycle: 5
Register Write to Reg: 0x08 Val: 0xFFFF3C3C
In clock cycle: 6
Memory Write to Addr: 0x00001001 Val: 0xFFFF3C3C
In clock cycle: 7
Register Write to Reg: 0x01 Val: 0x0000391A
In clock cycle: 8
Register Write to Reg: 0x01 Val: 0xFFFF3C3B
In clock cycle: 9
Register Write to Reg: 0x09 Val: 0xFFFF3C3B
In clock cycle: 10
Memory Write to Addr: 0x00001005 Val: 0xFFFF3C3B
In clock cycle: 11
Register Write to Reg: 0x01 Val: 0x0000391A
In clock cycle: 12
Register Write to Reg: 0x01 Val: 0xFFFF3C3A
In clock cycle: 13
Register Write to Reg: 0x0A Val: 0xFFFF3C3A
In clock cycle: 14
Memory Write to Addr: 0x00001009 Val: 0xFFFF3C3A
In clock cycle: 15
Register Write to Reg: 0x01 Val: 0x0000391A
In clock cycle: 16
Register Write to Reg: 0x01 Val: 0xFFFF3C39
In clock cycle: 17
Register Write to Reg: 0x0B Val: 0xFFFF3C39
In clock cycle: 18
Memory Write to Addr: 0x0000100D Val: 0xFFFF3C39
Execution is stopping! Clock Cycle: 19
