In clock cycle: 0
Register Write to Reg: 0x08 Val: 0x00000000
In clock cycle: 1
Register Write to Reg: 0x08 Val: 0x00000001
In clock cycle: 2
Register Write to Reg: 0x09 Val: 0xFFFFFFFF
Arithmetic Overflow Detected
In clock cycle: 3
Register Write to Reg: 0x09 Val: 0x00000002
Arithmetic Overflow Detected
In clock cycle: 4
Register Write to Reg: 0x0B Val: 0xFFFF8001
In clock cycle: 5
Register Write to Reg: 0x0C Val: 0xFFFF8001
Arithmetic Overflow Detected
In clock cycle: 6
Register Write to Reg: 0x0D Val: 0x00000000
In clock cycle: 7
Register Write to Reg: 0x0E Val: 0x00000000
In clock cycle: 8
Register Write to Reg: 0x01 Val: 0xFFFFB230
In clock cycle: 9
Register Write to Reg: 0x01 Val: 0xFFFEE3F8
Arithmetic Overflow Detected
In clock cycle: 10
Register Write to Reg: 0x04 Val: 0xFFFEE3F8
Execution is stopping! Clock Cycle: 11
