Warning in /home/connero/cpre381-project-1/proj/mips/sub_4.s line 3 column 5: MARS does not recognize the .globlmain directive.  Ignored.

[inst #1] addi $1,$0,1
Register Write to Reg: 0x01 Val: 0x00000001
[inst #2] addi $2,$0,2
Register Write to Reg: 0x02 Val: 0x00000002
[inst #3] addi $3,$0,3
Register Write to Reg: 0x03 Val: 0x00000003
[inst #4] addi $4,$0,4
Register Write to Reg: 0x04 Val: 0x00000004
[inst #5] addi $5,$0,5
Register Write to Reg: 0x05 Val: 0x00000005
[inst #6] sub $6,$2,$1
Register Write to Reg: 0x06 Val: 0x00000001
[inst #7] sub $7,$4,$2
Register Write to Reg: 0x07 Val: 0x00000002
[inst #8] sub $8,$5,$3
Register Write to Reg: 0x08 Val: 0x00000002
[inst #9] sub $9,$1,$5
Register Write to Reg: 0x09 Val: 0xFFFFFFFC
[inst #10] sub $10,$4,$4
Register Write to Reg: 0x0A Val: 0x00000000
[inst #11] halt 

