Warning in /home/connero/cpre381-project-1/proj/mips/or_5.s line 3 column 5: MARS does not recognize the .globlmain directive.  Ignored.

[inst #1] addi $8,$0,-1
Register Write to Reg: 0x08 Val: 0xFFFFFFFF
[inst #2] or $9,$0,$8
Register Write to Reg: 0x09 Val: 0xFFFFFFFF
[inst #3] or $10,$8,$0
Register Write to Reg: 0x0A Val: 0xFFFFFFFF
[inst #4] addi $12,$0,12
Register Write to Reg: 0x0C Val: 0x0000000C
[inst #5] addi $13,$0,10
Register Write to Reg: 0x0D Val: 0x0000000A
[inst #6] or $13,$12,$13
Register Write to Reg: 0x0D Val: 0x0000000E
[inst #7] or $13,$12,$8
Register Write to Reg: 0x0D Val: 0xFFFFFFFF
[inst #8] or $0,$0,$12
Register Write to Reg: 0x00 Val: 0x0000000C
[inst #9] or $14,$12,$12
Register Write to Reg: 0x0E Val: 0x0000000C
[inst #10] halt 

