In clock cycle: 0
Register Write to Reg: 0x08 Val: 0xFFFFFFFF
In clock cycle: 1
Register Write to Reg: 0x09 Val: 0x00000001
In clock cycle: 2
Register Write to Reg: 0x0A Val: 0xFFFFFFFF
Arithmetic Overflow Detected
In clock cycle: 3
Register Write to Reg: 0x0C Val: 0x0000000C
In clock cycle: 4
Register Write to Reg: 0x0D Val: 0x0000000A
In clock cycle: 5
Register Write to Reg: 0x0D Val: 0x00000002
Arithmetic Overflow Detected
In clock cycle: 6
Register Write to Reg: 0x0D Val: 0x0000000D
In clock cycle: 7
Register Write to Reg: 0x00 Val: 0xFFFFFFF4
In clock cycle: 8
Register Write to Reg: 0x0E Val: 0x00000000
Arithmetic Overflow Detected
Execution is stopping! Clock Cycle: 9
