Warning in /home/connero/cpre381-project-1/proj/mips/slti_4.s line 3 column 5: MARS does not recognize the .globlmain directive.  Ignored.

[inst #1] addi $30,$0,0
Register Write to Reg: 0x1E Val: 0x00000000
[inst #2] addi $1,$0,1000
Register Write to Reg: 0x01 Val: 0x000003E8
[inst #3] addi $3,$0,3003
Register Write to Reg: 0x03 Val: 0x00000BBB
[inst #4] slti $10,$1,1111
Register Write to Reg: 0x0A Val: 0x00000001
[inst #5] add $30,$30,$10
Register Write to Reg: 0x1E Val: 0x00000001
[inst #6] add $30,$30,$30
Register Write to Reg: 0x1E Val: 0x00000002
[inst #7] slti $10,$3,9970
Register Write to Reg: 0x0A Val: 0x00000001
[inst #8] add $30,$30,$10
Register Write to Reg: 0x1E Val: 0x00000003
[inst #9] add $30,$30,$30
Register Write to Reg: 0x1E Val: 0x00000006
[inst #10] slti $10,$3,3004
Register Write to Reg: 0x0A Val: 0x00000001
[inst #11] add $30,$30,$10
Register Write to Reg: 0x1E Val: 0x00000007
[inst #12] add $30,$30,$30
Register Write to Reg: 0x1E Val: 0x0000000E
[inst #13] slti $10,$3,1089
Register Write to Reg: 0x0A Val: 0x00000000
[inst #14] add $30,$30,$10
Register Write to Reg: 0x1E Val: 0x0000000E
[inst #15] add $30,$30,$30
Register Write to Reg: 0x1E Val: 0x0000001C
[inst #16] slti $10,$3,3010
Register Write to Reg: 0x0A Val: 0x00000001
[inst #17] add $30,$30,$10
Register Write to Reg: 0x1E Val: 0x0000001D
[inst #18] halt 

