In clock cycle: 0
Register Write to Reg: 0x01 Val: 0x00003FFF
In clock cycle: 1
Register Write to Reg: 0x01 Val: 0xFFFF4000
In clock cycle: 2
Register Write to Reg: 0x09 Val: 0xFFFF4000
In clock cycle: 3
Register Write to Reg: 0x01 Val: 0x00004000
In clock cycle: 4
Register Write to Reg: 0x01 Val: 0x00004000
Arithmetic Overflow Detected
In clock cycle: 5
Register Write to Reg: 0x09 Val: 0x00004000
In clock cycle: 7
Register Write to Reg: 0x01 Val: 0xFFFFC000
In clock cycle: 8
Register Write to Reg: 0x01 Val: 0xFFFFC000
Arithmetic Overflow Detected
In clock cycle: 9
Register Write to Reg: 0x0A Val: 0xFFFFC000
In clock cycle: 10
Register Write to Reg: 0x01 Val: 0xFFFFC000
In clock cycle: 11
Register Write to Reg: 0x01 Val: 0xFFFFC000
Arithmetic Overflow Detected
In clock cycle: 12
Register Write to Reg: 0x0A Val: 0xFFFFC000
Arithmetic Overflow Detected
In clock cycle: 15
Register Write to Reg: 0x02 Val: 0x00000004
In clock cycle: 16
Register Write to Reg: 0x01 Val: 0x00001001
In clock cycle: 17
Register Write to Reg: 0x04 Val: 0x00001001
Arithmetic Overflow Detected
Execution is stopping! Clock Cycle: 19
